GENERATION 0: [26, 39, 33, 28, 46, 9, 21, 20, 7, 43, 2, 15, 25, 12, 10, 34, 50, 32, 31, 42, 11, 30, 48, 41, 8, 16, 6, 18, 5, 4, 35, 1, 23, 44, 36, 19, 29, 49, 22, 24, 14, 40, 0, 45, 27, 3, 17, 47, 37, 38, 13, 51] - 24579.0
GENERATION 1: [7, 37, 12, 38, 14, 40, 19, 35, 28, 6, 5, 10, 15, 9, 31, 17, 33, 29, 2, 8, 21, 44, 18, 1, 41, 16, 20, 24, 42, 49, 30, 45, 47, 23, 48, 39, 0, 34, 22, 3, 4, 25, 32, 11, 36, 43, 51, 50, 46, 26, 27, 13] - 24306.0
GENERATION 2: [19, 35, 28, 6, 5, 10, 15, 9, 31, 17, 33, 49, 43, 39, 34, 50, 47, 30, 29, 2, 8, 21, 44, 18, 1, 41, 16, 20, 24, 42, 45, 23, 48, 0, 22, 3, 4, 25, 32, 11, 36, 51, 46, 26, 27, 13, 7, 37, 12, 38, 14, 40] - 24193.0
GENERATION 3: [20, 30, 16, 23, 39, 9, 38, 22, 19, 29, 49, 13, 4, 18, 5, 10, 51, 15, 42, 25, 21, 34, 35, 26, 12, 50, 17, 2, 40, 8, 14, 37, 36, 41, 6, 48, 24, 43, 44, 32, 46, 33, 45, 11, 3, 47, 0, 7, 31, 1, 27, 28] - 23986.0
GENERATION 4: [39, 50, 25, 47, 46, 10, 15, 0, 30, 41, 8, 16, 6, 29, 31, 22, 23, 35, 40, 21, 51, 26, 27, 28, 1, 13, 12, 48, 38, 42, 4, 14, 3, 18, 2, 44, 37, 20, 11, 24, 45, 19, 34, 36, 49, 9, 7, 17, 5, 32, 33, 43] - 23263.0
GENERATION 5: [39, 50, 25, 47, 46, 10, 15, 0, 30, 41, 8, 16, 6, 29, 31, 22, 23, 35, 40, 21, 51, 26, 27, 28, 1, 13, 12, 48, 38, 42, 4, 14, 3, 18, 2, 44, 37, 20, 11, 24, 45, 19, 34, 36, 49, 9, 7, 17, 5, 32, 33, 43] - 23263.0
GENERATION 6: [13, 21, 0, 34, 48, 31, 39, 38, 23, 4, 37, 8, 7, 3, 9, 35, 36, 14, 49, 33, 29, 2, 44, 1, 41, 15, 16, 20, 42, 11, 26, 51, 50, 12, 45, 43, 22, 18, 30, 47, 40, 19, 5, 25, 27, 10, 46, 28, 6, 17, 32, 24] - 21442.0
GENERATION 7: [13, 21, 0, 34, 48, 31, 39, 38, 23, 4, 37, 8, 7, 3, 9, 35, 36, 14, 49, 33, 29, 2, 44, 1, 41, 15, 16, 20, 42, 11, 26, 51, 50, 12, 45, 43, 22, 18, 30, 47, 40, 19, 5, 25, 27, 10, 46, 28, 6, 17, 32, 24] - 21442.0
GENERATION 8: [13, 21, 0, 34, 48, 31, 39, 38, 23, 4, 37, 8, 7, 3, 9, 35, 36, 14, 49, 33, 29, 2, 44, 1, 41, 15, 16, 20, 42, 11, 26, 51, 50, 12, 45, 43, 22, 18, 30, 47, 40, 19, 5, 25, 27, 10, 46, 28, 6, 17, 32, 24] - 21442.0
GENERATION 9: [13, 21, 0, 34, 48, 31, 39, 38, 23, 4, 37, 8, 7, 3, 9, 35, 36, 14, 49, 33, 29, 2, 44, 1, 41, 15, 16, 20, 42, 11, 26, 51, 50, 12, 45, 43, 22, 18, 30, 47, 40, 19, 5, 25, 27, 10, 46, 28, 6, 17, 32, 24] - 21442.0
GENERATION 10: [13, 21, 0, 34, 48, 31, 39, 38, 23, 4, 37, 8, 7, 3, 9, 35, 36, 14, 49, 33, 29, 2, 44, 1, 41, 15, 16, 20, 42, 11, 26, 51, 50, 12, 45, 43, 22, 18, 30, 47, 40, 19, 5, 25, 27, 10, 46, 28, 6, 17, 32, 24] - 21442.0
GENERATION 11: [13, 21, 0, 34, 48, 31, 39, 38, 23, 4, 37, 8, 7, 3, 9, 35, 36, 14, 49, 33, 29, 2, 44, 1, 41, 15, 16, 20, 42, 11, 26, 51, 50, 12, 45, 43, 22, 18, 30, 47, 40, 19, 5, 25, 27, 10, 46, 28, 6, 17, 32, 24] - 21442.0
GENERATION 12: [0, 34, 48, 39, 23, 4, 37, 8, 7, 3, 9, 35, 36, 14, 26, 51, 25, 49, 29, 2, 44, 1, 41, 16, 20, 42, 11, 50, 12, 45, 43, 18, 47, 40, 19, 27, 10, 46, 28, 6, 17, 22, 5, 38, 31, 33, 15, 30, 32, 24, 13, 21] - 21290.0
GENERATION 13: [0, 34, 48, 39, 23, 4, 37, 8, 7, 3, 9, 35, 36, 14, 26, 51, 25, 49, 29, 2, 44, 1, 41, 16, 20, 42, 11, 50, 12, 45, 43, 18, 47, 40, 19, 27, 10, 46, 28, 6, 17, 22, 5, 38, 31, 33, 15, 30, 32, 24, 13, 21] - 21290.0
GENERATION 14: [0, 34, 48, 39, 23, 4, 37, 8, 7, 3, 9, 35, 36, 14, 26, 51, 25, 49, 29, 2, 44, 1, 41, 16, 20, 42, 11, 50, 12, 45, 43, 18, 47, 40, 19, 27, 10, 46, 28, 6, 17, 22, 5, 38, 31, 33, 15, 30, 32, 24, 13, 21] - 21290.0
GENERATION 15: [9, 35, 36, 14, 49, 42, 33, 29, 2, 44, 1, 41, 20, 15, 16, 43, 11, 26, 13, 25, 51, 50, 12, 45, 22, 18, 19, 30, 47, 40, 5, 27, 10, 46, 28, 6, 17, 31, 32, 24, 21, 0, 34, 48, 39, 38, 23, 4, 37, 8, 7, 3] - 20860.0
GENERATION 16: [9, 35, 36, 14, 49, 42, 33, 29, 2, 44, 1, 41, 20, 15, 16, 43, 11, 26, 13, 25, 51, 50, 12, 45, 22, 18, 19, 30, 47, 40, 5, 27, 10, 46, 28, 6, 17, 31, 32, 24, 21, 0, 34, 48, 39, 38, 23, 4, 37, 8, 7, 3] - 20860.0
GENERATION 17: [9, 35, 36, 14, 49, 42, 29, 2, 44, 1, 41, 20, 16, 43, 11, 26, 13, 25, 51, 50, 12, 45, 22, 18, 19, 47, 40, 5, 27, 10, 46, 28, 6, 17, 32, 24, 3, 21, 0, 34, 48, 39, 31, 33, 15, 30, 38, 23, 4, 37, 8, 7] - 20102.0
GENERATION 18: [9, 35, 36, 14, 49, 42, 29, 2, 44, 1, 41, 20, 16, 43, 11, 26, 13, 25, 51, 50, 12, 45, 22, 18, 19, 47, 40, 5, 27, 10, 46, 28, 6, 17, 32, 24, 3, 21, 0, 34, 48, 39, 31, 33, 15, 30, 38, 23, 4, 37, 8, 7] - 20102.0
GENERATION 19: [14, 42, 44, 48, 23, 34, 39, 36, 21, 31, 33, 15, 24, 4, 38, 9, 2, 0, 35, 37, 43, 11, 26, 25, 51, 50, 10, 13, 32, 3, 5, 12, 45, 22, 18, 19, 30, 47, 40, 27, 46, 28, 6, 17, 8, 7, 49, 29, 1, 41, 16, 20] - 19367.0
GENERATION 20: [14, 42, 44, 48, 23, 34, 39, 18, 36, 21, 31, 33, 15, 24, 4, 38, 9, 2, 0, 35, 37, 43, 11, 26, 25, 51, 50, 10, 13, 32, 3, 5, 12, 45, 22, 19, 30, 47, 40, 27, 46, 28, 6, 1, 8, 7, 17, 49, 41, 16, 20, 29] - 19343.0
GENERATION 21: [14, 42, 44, 48, 23, 34, 39, 18, 36, 21, 31, 33, 15, 24, 4, 38, 9, 2, 0, 35, 37, 43, 11, 26, 25, 51, 50, 10, 13, 32, 3, 5, 12, 45, 22, 19, 30, 47, 40, 27, 46, 28, 6, 1, 8, 7, 17, 49, 41, 16, 20, 29] - 19343.0
GENERATION 22: [41, 20, 16, 43, 27, 46, 28, 6, 24, 38, 17, 21, 34, 4, 35, 32, 5, 31, 33, 15, 19, 11, 26, 13, 25, 51, 50, 12, 10, 45, 22, 18, 30, 47, 40, 8, 9, 7, 48, 0, 49, 29, 37, 14, 23, 3, 36, 42, 2, 39, 44, 1] - 19096.0
GENERATION 23: [41, 20, 16, 43, 27, 46, 28, 6, 24, 38, 17, 21, 34, 4, 35, 32, 5, 31, 33, 15, 19, 11, 26, 13, 25, 51, 50, 12, 10, 45, 22, 18, 30, 47, 40, 8, 9, 7, 48, 0, 49, 29, 37, 14, 23, 3, 36, 42, 2, 39, 44, 1] - 19096.0
GENERATION 24: [41, 20, 16, 43, 27, 46, 28, 6, 24, 38, 17, 21, 34, 4, 35, 32, 5, 31, 33, 15, 19, 11, 26, 13, 25, 51, 50, 12, 10, 45, 22, 18, 30, 47, 40, 8, 9, 7, 48, 0, 49, 29, 37, 14, 23, 3, 36, 42, 2, 39, 44, 1] - 19096.0
GENERATION 25: [41, 20, 16, 43, 27, 46, 28, 6, 24, 38, 17, 21, 34, 4, 35, 32, 5, 31, 33, 15, 19, 11, 26, 13, 25, 51, 50, 12, 10, 45, 22, 18, 30, 47, 40, 8, 9, 7, 48, 0, 49, 29, 37, 14, 23, 3, 36, 42, 2, 39, 44, 1] - 19096.0
GENERATION 26: [41, 20, 16, 43, 27, 46, 28, 6, 24, 38, 17, 21, 34, 4, 35, 32, 5, 31, 33, 15, 19, 11, 26, 13, 25, 51, 50, 12, 10, 45, 22, 18, 30, 47, 40, 8, 9, 7, 48, 0, 49, 29, 37, 14, 23, 3, 36, 42, 2, 39, 44, 1] - 19096.0
GENERATION 27: [41, 20, 16, 43, 27, 46, 28, 6, 24, 38, 17, 21, 34, 4, 35, 32, 5, 31, 33, 15, 19, 11, 26, 13, 25, 51, 50, 12, 10, 45, 22, 18, 30, 47, 40, 8, 9, 7, 48, 0, 49, 29, 37, 14, 23, 3, 36, 42, 2, 39, 44, 1] - 19096.0
GENERATION 28: [41, 20, 16, 43, 27, 46, 28, 6, 24, 38, 17, 21, 34, 4, 35, 32, 5, 31, 33, 15, 19, 11, 26, 13, 25, 51, 50, 12, 10, 45, 22, 18, 30, 47, 40, 8, 9, 7, 48, 0, 49, 29, 37, 14, 23, 3, 36, 42, 2, 39, 44, 1] - 19096.0
GENERATION 29: [41, 20, 16, 43, 27, 46, 28, 6, 24, 38, 17, 21, 34, 4, 35, 32, 5, 31, 33, 15, 19, 11, 26, 13, 25, 51, 50, 12, 10, 45, 22, 18, 30, 47, 40, 8, 9, 7, 48, 0, 49, 29, 37, 14, 23, 3, 36, 42, 2, 39, 44, 1] - 19096.0
GENERATION 30: [41, 20, 16, 43, 27, 46, 28, 6, 24, 38, 17, 21, 34, 4, 35, 32, 5, 31, 33, 15, 19, 11, 26, 13, 25, 51, 50, 12, 10, 45, 22, 18, 30, 47, 40, 8, 9, 7, 48, 0, 49, 29, 37, 14, 23, 3, 36, 42, 2, 39, 44, 1] - 19096.0
GENERATION 31: [41, 20, 16, 43, 27, 46, 28, 6, 24, 38, 17, 21, 34, 4, 35, 32, 5, 31, 33, 15, 19, 11, 26, 13, 25, 51, 50, 12, 10, 45, 22, 18, 30, 47, 40, 8, 9, 7, 48, 0, 49, 29, 37, 14, 23, 3, 36, 42, 2, 39, 44, 1] - 19096.0
GENERATION 32: [41, 20, 16, 43, 27, 46, 28, 6, 24, 38, 17, 21, 34, 4, 35, 32, 5, 31, 33, 15, 19, 11, 26, 13, 25, 51, 50, 12, 10, 45, 22, 18, 30, 47, 40, 8, 9, 7, 48, 0, 49, 29, 37, 14, 23, 3, 36, 42, 2, 39, 44, 1] - 19096.0
GENERATION 33: [41, 20, 16, 43, 27, 46, 28, 6, 24, 38, 17, 21, 34, 4, 35, 32, 5, 31, 33, 15, 19, 11, 26, 13, 25, 51, 50, 12, 10, 45, 22, 18, 30, 47, 40, 8, 9, 7, 48, 0, 49, 29, 37, 14, 23, 3, 36, 42, 2, 39, 44, 1] - 19096.0
GENERATION 34: [41, 20, 16, 43, 27, 46, 28, 6, 24, 38, 17, 21, 34, 4, 35, 32, 5, 31, 33, 15, 19, 11, 26, 13, 25, 51, 50, 12, 10, 45, 22, 18, 30, 47, 40, 8, 9, 7, 48, 0, 49, 29, 37, 14, 23, 3, 36, 42, 2, 39, 44, 1] - 19096.0
GENERATION 35: [25, 11, 26, 13, 51, 12, 47, 34, 38, 40, 1, 41, 16, 19, 49, 24, 4, 50, 10, 37, 45, 22, 18, 30, 5, 3, 21, 14, 39, 9, 8, 7, 44, 33, 31, 20, 17, 48, 28, 6, 29, 35, 27, 46, 32, 42, 36, 15, 0, 43, 2, 23] - 18712.0
GENERATION 36: [25, 11, 26, 13, 51, 12, 47, 34, 38, 40, 1, 41, 16, 19, 49, 24, 4, 50, 10, 37, 45, 22, 18, 30, 5, 3, 21, 14, 39, 9, 8, 7, 44, 33, 31, 20, 17, 48, 28, 6, 29, 35, 27, 46, 32, 42, 36, 15, 0, 43, 2, 23] - 18712.0
GENERATION 37: [25, 11, 26, 13, 51, 12, 47, 34, 38, 40, 1, 41, 16, 19, 49, 24, 4, 50, 10, 37, 45, 22, 18, 30, 5, 3, 21, 14, 39, 9, 8, 7, 44, 33, 31, 20, 17, 48, 28, 6, 29, 35, 27, 46, 32, 42, 36, 15, 0, 43, 2, 23] - 18712.0
GENERATION 38: [25, 11, 26, 13, 51, 12, 47, 34, 38, 40, 1, 41, 16, 19, 49, 24, 4, 50, 10, 37, 45, 22, 18, 30, 5, 3, 21, 14, 39, 9, 8, 7, 44, 33, 31, 20, 17, 48, 28, 6, 29, 35, 27, 46, 32, 42, 36, 15, 0, 43, 2, 23] - 18712.0
GENERATION 39: [47, 34, 38, 7, 40, 1, 41, 16, 19, 24, 4, 37, 45, 22, 18, 30, 5, 3, 21, 14, 39, 9, 8, 44, 33, 31, 20, 17, 48, 28, 6, 29, 35, 0, 49, 11, 26, 25, 51, 46, 50, 10, 27, 32, 42, 36, 15, 43, 2, 23, 13, 12] - 18598.0
GENERATION 40: [47, 34, 38, 7, 40, 1, 41, 16, 19, 24, 4, 37, 45, 22, 18, 30, 5, 3, 21, 14, 39, 9, 8, 44, 33, 31, 20, 17, 48, 28, 6, 29, 35, 0, 49, 11, 26, 25, 51, 46, 50, 10, 27, 32, 42, 36, 15, 43, 2, 23, 13, 12] - 18598.0
GENERATION 41: [47, 34, 38, 7, 40, 1, 41, 16, 19, 24, 4, 37, 45, 22, 18, 30, 5, 3, 21, 14, 39, 9, 8, 44, 33, 31, 20, 17, 48, 28, 6, 29, 35, 0, 49, 11, 26, 25, 51, 46, 50, 10, 27, 32, 42, 36, 15, 43, 2, 23, 13, 12] - 18598.0
GENERATION 42: [47, 34, 38, 7, 40, 1, 41, 16, 19, 24, 4, 37, 45, 22, 18, 30, 5, 3, 21, 14, 39, 9, 8, 44, 33, 31, 20, 17, 48, 28, 6, 29, 35, 0, 49, 11, 26, 25, 51, 46, 50, 10, 27, 32, 42, 36, 15, 43, 2, 23, 13, 12] - 18598.0
GENERATION 43: [47, 34, 38, 7, 40, 1, 41, 16, 19, 24, 4, 37, 45, 22, 18, 30, 5, 3, 21, 14, 39, 9, 8, 44, 33, 31, 20, 17, 48, 28, 6, 29, 35, 0, 49, 11, 26, 25, 51, 46, 50, 10, 27, 32, 42, 36, 15, 43, 2, 23, 13, 12] - 18598.0
GENERATION 44: [47, 34, 38, 7, 40, 1, 41, 16, 19, 24, 4, 37, 45, 22, 18, 30, 5, 3, 21, 14, 39, 9, 8, 44, 33, 31, 20, 17, 48, 28, 6, 29, 35, 0, 49, 11, 26, 25, 51, 46, 50, 10, 27, 32, 42, 36, 15, 43, 2, 23, 13, 12] - 18598.0
GENERATION 45: [47, 34, 38, 7, 40, 1, 41, 16, 19, 24, 4, 37, 45, 22, 18, 30, 5, 3, 21, 14, 39, 9, 8, 44, 33, 31, 20, 17, 48, 28, 6, 29, 35, 0, 49, 11, 26, 25, 51, 46, 50, 10, 27, 32, 42, 36, 15, 43, 2, 23, 13, 12] - 18598.0
GENERATION 46: [47, 34, 38, 7, 40, 1, 41, 16, 19, 24, 4, 37, 45, 22, 18, 30, 5, 3, 21, 14, 39, 9, 8, 44, 33, 31, 20, 17, 48, 28, 6, 29, 35, 0, 49, 11, 26, 25, 51, 46, 50, 10, 27, 32, 42, 36, 15, 43, 2, 23, 13, 12] - 18598.0
GENERATION 47: [47, 34, 38, 7, 40, 1, 41, 16, 19, 24, 4, 37, 45, 22, 18, 30, 5, 3, 21, 14, 39, 9, 8, 44, 33, 31, 20, 17, 48, 28, 6, 29, 35, 0, 49, 11, 26, 25, 51, 46, 50, 10, 27, 32, 42, 36, 15, 43, 2, 23, 13, 12] - 18598.0
GENERATION 48: [47, 34, 38, 7, 40, 1, 41, 16, 19, 24, 4, 37, 45, 22, 18, 30, 5, 3, 21, 14, 39, 9, 8, 44, 33, 31, 20, 17, 48, 28, 6, 29, 35, 0, 49, 11, 26, 25, 51, 46, 50, 10, 27, 32, 42, 36, 15, 43, 2, 23, 13, 12] - 18598.0
GENERATION 49: [47, 34, 38, 7, 40, 1, 41, 16, 19, 24, 4, 37, 45, 22, 18, 30, 5, 3, 21, 14, 39, 9, 8, 44, 33, 31, 20, 17, 48, 28, 6, 29, 35, 0, 49, 11, 26, 25, 51, 46, 50, 10, 27, 32, 42, 36, 15, 43, 2, 23, 13, 12] - 18598.0
GENERATION 50: [47, 34, 38, 7, 40, 1, 41, 16, 19, 24, 4, 37, 45, 22, 18, 30, 5, 3, 21, 14, 39, 9, 8, 44, 33, 31, 20, 17, 48, 28, 6, 29, 35, 0, 49, 11, 26, 25, 51, 46, 50, 10, 27, 32, 42, 36, 15, 43, 2, 23, 13, 12] - 18598.0
GENERATION 51: [47, 34, 38, 7, 40, 1, 41, 16, 19, 24, 4, 37, 45, 22, 18, 30, 5, 3, 21, 14, 39, 9, 8, 44, 33, 31, 20, 17, 48, 28, 6, 29, 35, 0, 49, 11, 26, 25, 51, 46, 50, 10, 27, 32, 42, 36, 15, 43, 2, 23, 13, 12] - 18598.0
GENERATION 52: [47, 34, 38, 7, 40, 1, 41, 16, 19, 24, 4, 37, 45, 22, 18, 30, 5, 3, 21, 14, 39, 9, 8, 44, 33, 31, 20, 17, 48, 28, 6, 29, 35, 0, 49, 11, 26, 25, 51, 46, 50, 10, 27, 32, 42, 36, 15, 43, 2, 23, 13, 12] - 18598.0
GENERATION 53: [47, 34, 38, 7, 40, 1, 41, 16, 19, 24, 4, 37, 45, 22, 18, 30, 5, 3, 21, 14, 39, 9, 8, 44, 33, 31, 20, 17, 48, 28, 6, 29, 35, 0, 49, 11, 26, 25, 51, 46, 50, 10, 27, 32, 42, 36, 15, 43, 2, 23, 13, 12] - 18598.0
GENERATION 54: [47, 34, 38, 7, 40, 1, 41, 16, 19, 24, 4, 37, 45, 22, 18, 30, 5, 3, 21, 14, 39, 9, 8, 44, 33, 31, 20, 17, 48, 28, 6, 29, 35, 0, 49, 11, 26, 25, 51, 46, 50, 10, 27, 32, 42, 36, 15, 43, 2, 23, 13, 12] - 18598.0
GENERATION 55: [47, 34, 38, 7, 40, 1, 41, 16, 19, 24, 4, 37, 45, 22, 18, 30, 5, 3, 21, 14, 39, 9, 8, 44, 33, 31, 20, 17, 48, 28, 6, 29, 35, 0, 49, 11, 26, 25, 51, 46, 50, 10, 27, 32, 42, 36, 15, 43, 2, 23, 13, 12] - 18598.0
GENERATION 56: [47, 34, 38, 7, 40, 1, 41, 16, 19, 24, 4, 37, 45, 22, 18, 30, 5, 3, 21, 14, 39, 9, 8, 44, 33, 31, 20, 17, 48, 28, 6, 29, 35, 0, 49, 11, 26, 51, 25, 46, 50, 10, 27, 32, 42, 36, 15, 43, 2, 23, 13, 12] - 18486.0
GENERATION 57: [47, 34, 38, 7, 40, 1, 41, 16, 19, 24, 4, 37, 45, 22, 18, 30, 5, 3, 21, 14, 39, 9, 8, 44, 33, 31, 20, 17, 48, 28, 6, 29, 35, 0, 49, 11, 26, 51, 25, 46, 50, 10, 27, 32, 42, 36, 15, 43, 2, 23, 13, 12] - 18486.0
GENERATION 58: [47, 34, 38, 7, 40, 1, 41, 16, 19, 24, 4, 37, 45, 22, 18, 30, 5, 3, 21, 14, 39, 9, 8, 44, 33, 31, 20, 17, 48, 28, 6, 29, 35, 0, 49, 11, 26, 51, 25, 46, 50, 10, 27, 32, 42, 36, 15, 43, 2, 23, 13, 12] - 18486.0
GENERATION 59: [47, 34, 38, 7, 40, 1, 41, 16, 19, 24, 4, 37, 45, 22, 18, 30, 5, 3, 21, 14, 39, 9, 8, 44, 33, 31, 20, 17, 48, 28, 6, 29, 35, 0, 49, 11, 26, 51, 25, 46, 50, 10, 27, 32, 42, 36, 15, 43, 2, 23, 13, 12] - 18486.0
GENERATION 60: [47, 34, 38, 7, 40, 1, 41, 16, 19, 24, 4, 37, 45, 22, 18, 30, 5, 3, 21, 14, 39, 9, 8, 44, 33, 31, 20, 17, 48, 28, 6, 29, 35, 0, 49, 11, 26, 51, 25, 46, 50, 10, 27, 32, 42, 36, 15, 43, 2, 23, 13, 12] - 18486.0
GENERATION 61: [47, 34, 38, 7, 40, 1, 41, 16, 19, 24, 4, 37, 45, 22, 18, 30, 5, 3, 21, 14, 39, 9, 8, 44, 33, 31, 20, 17, 48, 28, 6, 29, 35, 0, 49, 11, 26, 51, 25, 46, 50, 10, 27, 32, 42, 36, 15, 43, 2, 23, 13, 12] - 18486.0
GENERATION 62: [47, 34, 38, 7, 40, 1, 41, 16, 19, 24, 4, 37, 45, 22, 18, 30, 5, 3, 21, 14, 39, 9, 8, 44, 33, 31, 20, 17, 48, 28, 6, 29, 35, 0, 49, 11, 26, 51, 25, 46, 50, 10, 27, 32, 42, 36, 15, 43, 2, 23, 13, 12] - 18486.0
GENERATION 63: [47, 34, 38, 7, 40, 1, 41, 16, 19, 24, 4, 37, 45, 22, 18, 30, 5, 3, 21, 14, 39, 9, 8, 44, 33, 31, 20, 17, 48, 28, 6, 29, 35, 0, 49, 11, 26, 51, 25, 46, 50, 10, 27, 32, 42, 36, 15, 43, 2, 23, 13, 12] - 18486.0
GENERATION 64: [47, 34, 38, 7, 40, 1, 41, 16, 19, 24, 4, 37, 45, 22, 18, 30, 5, 3, 21, 14, 39, 9, 8, 44, 33, 31, 20, 17, 48, 28, 6, 29, 35, 0, 49, 11, 26, 51, 25, 46, 50, 10, 27, 32, 42, 36, 15, 43, 2, 23, 13, 12] - 18486.0
GENERATION 65: [47, 34, 38, 7, 40, 1, 41, 16, 19, 24, 4, 37, 45, 22, 18, 30, 5, 3, 21, 14, 39, 9, 8, 44, 33, 31, 20, 17, 48, 28, 6, 29, 35, 0, 49, 11, 26, 51, 25, 46, 50, 10, 27, 32, 42, 36, 15, 43, 2, 23, 13, 12] - 18486.0
GENERATION 66: [47, 34, 38, 7, 40, 1, 41, 16, 19, 24, 4, 37, 45, 22, 18, 30, 5, 3, 21, 14, 39, 9, 8, 44, 33, 31, 20, 17, 48, 28, 6, 29, 35, 0, 49, 11, 26, 51, 25, 46, 50, 10, 27, 32, 42, 36, 15, 43, 2, 23, 13, 12] - 18486.0
GENERATION 67: [47, 34, 38, 7, 40, 1, 41, 16, 19, 24, 4, 37, 45, 22, 18, 30, 5, 3, 21, 14, 39, 9, 8, 44, 33, 31, 20, 17, 48, 28, 6, 29, 35, 0, 49, 11, 26, 51, 25, 46, 50, 10, 27, 32, 42, 36, 15, 43, 2, 23, 13, 12] - 18486.0
GENERATION 68: [47, 34, 38, 7, 40, 1, 41, 16, 19, 24, 4, 37, 45, 22, 18, 30, 5, 3, 21, 14, 39, 9, 8, 44, 33, 31, 20, 17, 48, 28, 6, 29, 35, 0, 49, 11, 26, 51, 25, 46, 50, 10, 27, 32, 42, 36, 15, 43, 2, 23, 13, 12] - 18486.0
GENERATION 69: [47, 34, 38, 7, 40, 1, 41, 16, 19, 24, 4, 37, 45, 22, 18, 30, 5, 3, 21, 14, 39, 9, 8, 44, 33, 31, 20, 17, 48, 28, 6, 29, 35, 0, 49, 11, 26, 51, 25, 46, 50, 10, 27, 32, 42, 36, 15, 43, 2, 23, 13, 12] - 18486.0
GENERATION 70: [47, 34, 38, 7, 40, 1, 41, 16, 19, 24, 4, 37, 45, 22, 18, 30, 5, 3, 21, 14, 39, 9, 8, 44, 33, 31, 20, 17, 48, 28, 6, 29, 35, 0, 49, 11, 26, 51, 25, 46, 50, 10, 27, 32, 42, 36, 15, 43, 2, 23, 13, 12] - 18486.0
GENERATION 71: [47, 34, 38, 7, 40, 1, 41, 16, 19, 24, 4, 37, 45, 22, 18, 30, 5, 3, 21, 14, 39, 9, 8, 44, 33, 31, 20, 17, 48, 28, 6, 29, 35, 0, 49, 11, 26, 51, 25, 46, 50, 10, 27, 32, 42, 36, 15, 43, 2, 23, 13, 12] - 18486.0
GENERATION 72: [47, 34, 38, 7, 40, 1, 41, 16, 19, 24, 4, 37, 45, 22, 18, 30, 5, 3, 21, 14, 39, 9, 8, 44, 33, 31, 20, 17, 48, 28, 6, 29, 35, 0, 49, 11, 26, 51, 25, 46, 50, 10, 27, 32, 42, 36, 15, 43, 2, 23, 13, 12] - 18486.0
GENERATION 73: [47, 34, 38, 7, 40, 1, 41, 16, 19, 24, 4, 37, 45, 22, 18, 30, 5, 3, 21, 14, 39, 9, 8, 44, 33, 31, 20, 17, 48, 28, 6, 29, 35, 0, 49, 11, 26, 51, 25, 46, 50, 10, 27, 32, 42, 36, 15, 43, 2, 23, 13, 12] - 18486.0
GENERATION 74: [47, 34, 38, 7, 40, 1, 41, 16, 19, 24, 4, 37, 45, 22, 18, 30, 5, 3, 21, 14, 39, 9, 8, 44, 33, 31, 20, 17, 48, 28, 6, 29, 35, 0, 49, 11, 26, 51, 25, 46, 50, 10, 27, 32, 42, 36, 15, 43, 2, 23, 13, 12] - 18486.0
GENERATION 75: [47, 34, 38, 7, 40, 1, 41, 16, 19, 24, 4, 37, 45, 22, 18, 30, 5, 3, 21, 14, 39, 9, 8, 44, 33, 31, 20, 17, 48, 28, 6, 29, 35, 0, 49, 11, 26, 51, 25, 46, 50, 10, 27, 32, 42, 36, 15, 43, 2, 23, 13, 12] - 18486.0
GENERATION 76: [47, 34, 38, 7, 40, 1, 41, 16, 19, 24, 4, 37, 45, 22, 18, 30, 5, 3, 21, 14, 39, 9, 8, 44, 33, 31, 20, 17, 48, 28, 6, 29, 35, 0, 49, 11, 26, 51, 25, 46, 50, 10, 27, 32, 42, 36, 15, 43, 2, 23, 13, 12] - 18486.0
GENERATION 77: [47, 34, 38, 7, 40, 1, 41, 16, 19, 24, 4, 37, 45, 22, 18, 30, 5, 3, 21, 14, 39, 9, 8, 44, 33, 31, 20, 17, 48, 28, 6, 29, 35, 0, 49, 11, 26, 51, 25, 46, 50, 10, 27, 32, 42, 36, 15, 43, 2, 23, 13, 12] - 18486.0
GENERATION 78: [47, 34, 38, 7, 40, 1, 41, 16, 19, 24, 4, 37, 45, 22, 18, 30, 5, 3, 21, 14, 39, 9, 8, 44, 33, 31, 20, 17, 48, 28, 6, 29, 35, 0, 49, 11, 26, 51, 25, 46, 50, 10, 27, 32, 42, 36, 15, 43, 2, 23, 13, 12] - 18486.0
GENERATION 79: [47, 34, 38, 7, 40, 1, 41, 16, 19, 24, 4, 37, 45, 22, 18, 30, 5, 3, 21, 14, 39, 9, 8, 44, 33, 31, 20, 17, 48, 28, 6, 29, 35, 0, 49, 11, 26, 51, 25, 46, 50, 10, 27, 32, 42, 36, 15, 43, 2, 23, 13, 12] - 18486.0
GENERATION 80: [47, 34, 38, 7, 40, 1, 41, 16, 19, 24, 4, 37, 45, 22, 18, 30, 5, 3, 21, 14, 39, 9, 8, 44, 33, 31, 20, 17, 48, 28, 6, 29, 35, 0, 49, 11, 26, 51, 25, 46, 50, 10, 27, 32, 42, 36, 15, 43, 2, 23, 13, 12] - 18486.0
GENERATION 81: [47, 34, 38, 7, 40, 1, 41, 16, 19, 24, 4, 37, 45, 22, 18, 30, 5, 3, 21, 14, 39, 9, 8, 44, 33, 31, 20, 17, 48, 28, 6, 29, 35, 0, 49, 11, 26, 51, 25, 46, 50, 10, 27, 32, 42, 36, 15, 43, 2, 23, 13, 12] - 18486.0
GENERATION 82: [47, 34, 38, 7, 40, 1, 41, 16, 19, 24, 4, 37, 45, 22, 18, 30, 5, 3, 21, 14, 39, 9, 8, 44, 33, 31, 20, 17, 48, 28, 6, 29, 35, 0, 49, 11, 26, 51, 25, 46, 50, 10, 27, 32, 42, 36, 15, 43, 2, 23, 13, 12] - 18486.0
GENERATION 83: [47, 34, 38, 7, 40, 1, 41, 16, 19, 24, 4, 37, 45, 22, 18, 30, 5, 3, 21, 14, 39, 9, 8, 44, 33, 31, 20, 17, 48, 28, 6, 29, 35, 0, 49, 11, 26, 51, 25, 46, 50, 10, 27, 32, 42, 36, 15, 43, 2, 23, 13, 12] - 18486.0
GENERATION 84: [47, 34, 38, 7, 40, 1, 41, 16, 19, 24, 4, 37, 45, 22, 18, 30, 5, 3, 21, 14, 39, 9, 8, 44, 33, 31, 20, 17, 48, 28, 6, 29, 35, 0, 49, 11, 26, 51, 25, 46, 50, 10, 27, 32, 42, 36, 15, 43, 2, 23, 13, 12] - 18486.0
GENERATION 85: [47, 34, 38, 7, 40, 1, 41, 16, 19, 24, 4, 37, 45, 22, 18, 30, 5, 3, 21, 14, 39, 9, 8, 44, 33, 31, 20, 17, 48, 28, 6, 29, 35, 0, 49, 11, 26, 51, 25, 46, 50, 10, 27, 32, 42, 36, 15, 43, 2, 23, 13, 12] - 18486.0
GENERATION 86: [47, 34, 38, 7, 40, 1, 41, 16, 19, 24, 4, 37, 45, 22, 18, 30, 5, 3, 21, 14, 39, 9, 8, 44, 33, 31, 20, 17, 48, 28, 6, 29, 35, 0, 49, 11, 26, 51, 25, 46, 50, 10, 27, 32, 42, 36, 15, 43, 2, 23, 13, 12] - 18486.0
GENERATION 87: [47, 34, 38, 7, 40, 1, 41, 16, 19, 24, 4, 37, 45, 22, 18, 30, 5, 3, 21, 14, 39, 9, 8, 44, 33, 31, 20, 17, 48, 28, 6, 29, 35, 0, 49, 11, 26, 51, 25, 46, 50, 10, 27, 32, 42, 36, 15, 43, 2, 23, 13, 12] - 18486.0
GENERATION 88: [47, 34, 38, 7, 40, 1, 41, 16, 19, 24, 4, 37, 45, 22, 18, 30, 5, 3, 21, 14, 39, 9, 8, 44, 33, 31, 20, 17, 48, 28, 6, 29, 35, 0, 49, 11, 26, 51, 25, 46, 50, 10, 27, 32, 42, 36, 15, 43, 2, 23, 13, 12] - 18486.0
GENERATION 89: [47, 34, 38, 7, 40, 1, 41, 16, 19, 24, 4, 37, 45, 22, 18, 30, 5, 3, 21, 14, 39, 9, 8, 44, 33, 31, 20, 17, 48, 28, 6, 29, 35, 0, 49, 11, 26, 51, 25, 46, 50, 10, 27, 32, 42, 36, 15, 43, 2, 23, 13, 12] - 18486.0
GENERATION 90: [47, 34, 38, 7, 40, 1, 41, 16, 19, 24, 4, 37, 45, 22, 18, 30, 5, 3, 21, 14, 39, 9, 8, 44, 33, 31, 20, 17, 48, 28, 6, 29, 35, 0, 49, 11, 26, 51, 25, 46, 50, 10, 27, 32, 42, 36, 15, 43, 2, 23, 13, 12] - 18486.0
GENERATION 91: [47, 34, 38, 7, 40, 1, 41, 16, 19, 24, 4, 37, 45, 22, 18, 30, 5, 3, 21, 14, 39, 9, 8, 44, 33, 31, 20, 17, 48, 28, 6, 29, 35, 0, 49, 11, 26, 51, 25, 46, 50, 10, 27, 32, 42, 36, 15, 43, 2, 23, 13, 12] - 18486.0
GENERATION 92: [47, 34, 38, 7, 40, 1, 41, 16, 19, 24, 4, 37, 45, 22, 18, 30, 5, 3, 21, 14, 39, 9, 8, 44, 33, 31, 20, 17, 48, 28, 6, 29, 35, 0, 49, 11, 26, 51, 25, 46, 50, 10, 27, 32, 42, 36, 15, 43, 2, 23, 13, 12] - 18486.0
GENERATION 93: [47, 34, 38, 7, 40, 1, 41, 16, 19, 24, 4, 37, 45, 22, 18, 30, 5, 3, 21, 14, 39, 9, 8, 44, 33, 31, 20, 17, 48, 28, 6, 29, 35, 0, 49, 11, 26, 51, 25, 46, 50, 10, 27, 32, 42, 36, 15, 43, 2, 23, 13, 12] - 18486.0
GENERATION 94: [47, 34, 38, 7, 40, 1, 41, 16, 19, 24, 4, 37, 45, 22, 18, 30, 5, 3, 21, 14, 39, 9, 8, 44, 33, 31, 20, 17, 48, 28, 6, 29, 35, 0, 49, 11, 26, 51, 25, 46, 50, 10, 27, 32, 42, 36, 15, 43, 2, 23, 13, 12] - 18486.0
GENERATION 95: [47, 34, 38, 7, 40, 1, 41, 16, 19, 24, 4, 37, 45, 22, 18, 30, 5, 3, 21, 14, 39, 9, 8, 44, 33, 31, 20, 17, 48, 28, 6, 29, 35, 0, 49, 11, 26, 51, 25, 46, 50, 10, 27, 32, 42, 36, 15, 43, 2, 23, 13, 12] - 18486.0
GENERATION 96: [47, 34, 38, 7, 40, 1, 41, 16, 19, 24, 4, 37, 45, 22, 18, 30, 5, 3, 21, 14, 39, 9, 8, 44, 33, 31, 20, 17, 48, 28, 6, 29, 35, 0, 49, 11, 26, 51, 25, 46, 50, 10, 27, 32, 42, 36, 15, 43, 2, 23, 13, 12] - 18486.0
GENERATION 97: [47, 34, 38, 7, 40, 1, 41, 16, 19, 24, 4, 37, 45, 22, 18, 30, 5, 3, 21, 14, 39, 9, 8, 44, 33, 31, 20, 17, 48, 28, 6, 29, 35, 0, 49, 11, 26, 51, 25, 46, 50, 10, 27, 32, 42, 36, 15, 43, 2, 23, 13, 12] - 18486.0
GENERATION 98: [47, 34, 38, 7, 40, 1, 41, 16, 19, 24, 4, 37, 45, 22, 18, 30, 5, 3, 21, 14, 39, 9, 8, 44, 33, 31, 20, 17, 48, 28, 6, 29, 35, 0, 49, 11, 26, 51, 25, 46, 50, 10, 27, 32, 42, 36, 15, 43, 2, 23, 13, 12] - 18486.0
GENERATION 99: [40, 1, 41, 16, 9, 8, 44, 19, 24, 4, 37, 35, 45, 22, 18, 30, 5, 3, 21, 14, 39, 33, 31, 20, 17, 48, 28, 6, 29, 0, 49, 11, 26, 51, 25, 46, 50, 10, 27, 32, 42, 36, 15, 43, 2, 23, 13, 12, 47, 34, 38, 7] - 18358.0
GENERATION 100: [1, 41, 16, 9, 8, 44, 19, 24, 4, 37, 35, 45, 0, 22, 18, 30, 5, 3, 21, 14, 39, 33, 31, 20, 17, 48, 28, 6, 29, 49, 11, 26, 51, 25, 46, 50, 10, 27, 32, 42, 36, 15, 43, 2, 23, 13, 12, 47, 34, 38, 7, 40] - 18100.0
GENERATION 101: [1, 41, 16, 9, 8, 44, 19, 24, 4, 37, 35, 45, 0, 22, 18, 30, 5, 3, 21, 14, 39, 33, 31, 20, 17, 48, 28, 6, 29, 49, 11, 26, 51, 25, 46, 50, 10, 27, 32, 42, 36, 15, 43, 2, 23, 13, 12, 47, 34, 38, 7, 40] - 18100.0
GENERATION 102: [1, 41, 16, 9, 8, 44, 19, 24, 4, 37, 35, 45, 0, 22, 18, 30, 5, 3, 21, 14, 39, 33, 31, 20, 17, 48, 28, 6, 29, 49, 11, 26, 51, 25, 46, 50, 10, 27, 32, 42, 36, 15, 43, 2, 23, 13, 12, 47, 34, 38, 7, 40] - 18100.0
GENERATION 103: [1, 41, 16, 9, 8, 44, 19, 24, 4, 37, 35, 45, 0, 22, 18, 30, 5, 3, 21, 14, 39, 33, 31, 20, 17, 48, 28, 6, 29, 49, 11, 26, 51, 25, 46, 50, 10, 27, 32, 42, 36, 15, 43, 2, 23, 13, 12, 47, 34, 38, 7, 40] - 18100.0
GENERATION 104: [1, 41, 16, 9, 8, 44, 19, 24, 4, 37, 35, 45, 0, 22, 18, 30, 5, 3, 21, 14, 39, 33, 31, 20, 17, 48, 28, 6, 29, 49, 11, 26, 51, 25, 46, 50, 10, 27, 32, 42, 36, 15, 43, 2, 23, 13, 12, 47, 34, 38, 7, 40] - 18100.0
GENERATION 105: [9, 8, 44, 24, 21, 37, 45, 0, 22, 30, 5, 3, 14, 39, 33, 31, 20, 17, 48, 28, 6, 29, 11, 26, 51, 25, 46, 50, 10, 27, 43, 19, 49, 2, 16, 18, 35, 4, 32, 42, 36, 15, 23, 13, 12, 47, 34, 38, 7, 40, 1, 41] - 18077.0
GENERATION 106: [9, 8, 44, 24, 21, 37, 45, 0, 22, 30, 5, 3, 14, 39, 33, 31, 20, 17, 48, 28, 6, 29, 11, 26, 51, 25, 46, 50, 10, 27, 43, 19, 49, 2, 16, 18, 35, 4, 32, 42, 36, 15, 23, 13, 12, 47, 34, 38, 7, 40, 1, 41] - 18077.0
GENERATION 107: [9, 8, 44, 24, 21, 37, 45, 0, 22, 30, 5, 3, 14, 39, 33, 31, 20, 17, 48, 28, 6, 29, 11, 26, 51, 25, 46, 50, 10, 27, 43, 19, 49, 2, 16, 18, 35, 4, 32, 42, 36, 15, 23, 13, 12, 47, 34, 38, 7, 40, 1, 41] - 18077.0
GENERATION 108: [9, 8, 44, 24, 21, 37, 45, 0, 22, 30, 5, 3, 14, 39, 33, 31, 20, 17, 48, 28, 6, 29, 11, 26, 51, 25, 46, 50, 10, 27, 43, 19, 49, 2, 16, 18, 35, 4, 32, 42, 36, 15, 23, 13, 12, 47, 34, 38, 7, 40, 1, 41] - 18077.0
GENERATION 109: [9, 8, 44, 24, 21, 37, 45, 0, 22, 30, 5, 3, 14, 39, 33, 31, 20, 17, 48, 28, 6, 29, 11, 26, 51, 25, 46, 50, 10, 27, 43, 19, 49, 2, 16, 18, 35, 4, 32, 42, 36, 15, 23, 13, 12, 47, 34, 38, 7, 40, 1, 41] - 18077.0
GENERATION 110: [9, 8, 44, 24, 21, 37, 45, 0, 22, 30, 5, 3, 14, 39, 33, 31, 20, 17, 48, 28, 6, 29, 11, 26, 51, 25, 46, 50, 10, 27, 43, 19, 49, 2, 16, 18, 35, 4, 32, 42, 36, 15, 23, 13, 12, 47, 34, 38, 7, 40, 1, 41] - 18077.0
GENERATION 111: [9, 8, 44, 24, 21, 37, 45, 0, 22, 30, 5, 3, 14, 39, 33, 31, 20, 17, 48, 28, 6, 29, 11, 26, 51, 25, 46, 50, 10, 27, 43, 19, 49, 2, 16, 18, 35, 4, 32, 42, 36, 15, 23, 13, 12, 47, 34, 38, 7, 40, 1, 41] - 18077.0
GENERATION 112: [9, 8, 44, 24, 21, 37, 45, 0, 22, 30, 5, 3, 14, 39, 33, 31, 20, 17, 48, 28, 6, 29, 11, 26, 51, 25, 46, 50, 10, 27, 43, 19, 49, 2, 16, 18, 35, 4, 32, 42, 36, 15, 23, 13, 12, 47, 34, 38, 7, 40, 1, 41] - 18077.0
GENERATION 113: [50, 10, 11, 27, 43, 19, 49, 2, 16, 18, 35, 4, 32, 42, 36, 15, 23, 13, 12, 47, 34, 38, 7, 40, 1, 41, 9, 8, 44, 24, 21, 37, 45, 0, 22, 30, 5, 3, 14, 39, 33, 31, 20, 17, 48, 28, 6, 29, 26, 51, 25, 46] - 17982.0
GENERATION 114: [50, 10, 11, 27, 43, 19, 49, 2, 16, 18, 35, 4, 32, 42, 36, 15, 23, 13, 12, 47, 34, 38, 7, 40, 1, 41, 9, 8, 44, 24, 21, 37, 45, 0, 22, 30, 5, 3, 14, 39, 33, 31, 20, 17, 48, 28, 6, 29, 26, 51, 25, 46] - 17982.0
GENERATION 115: [50, 10, 11, 27, 43, 19, 49, 2, 16, 18, 35, 4, 32, 42, 36, 15, 23, 13, 12, 47, 34, 38, 7, 40, 1, 41, 9, 8, 44, 24, 21, 37, 45, 0, 22, 30, 5, 3, 14, 39, 33, 31, 20, 17, 48, 28, 6, 29, 26, 51, 25, 46] - 17982.0
GENERATION 116: [50, 10, 11, 27, 43, 19, 49, 2, 16, 18, 35, 4, 32, 42, 36, 15, 23, 13, 12, 47, 34, 38, 7, 40, 1, 41, 9, 8, 44, 24, 21, 37, 45, 0, 22, 30, 5, 3, 14, 39, 33, 31, 20, 17, 48, 28, 6, 29, 26, 51, 25, 46] - 17982.0
GENERATION 117: [50, 10, 11, 27, 43, 19, 49, 2, 16, 18, 35, 4, 32, 42, 36, 15, 23, 13, 12, 47, 34, 38, 7, 40, 1, 41, 9, 8, 44, 24, 21, 37, 45, 0, 22, 30, 5, 3, 14, 39, 33, 31, 20, 17, 48, 28, 6, 29, 26, 51, 25, 46] - 17982.0
GENERATION 118: [50, 10, 11, 27, 43, 19, 49, 2, 16, 18, 35, 4, 32, 42, 36, 15, 23, 13, 12, 47, 34, 38, 7, 40, 1, 41, 9, 8, 44, 24, 21, 37, 45, 0, 22, 30, 5, 3, 14, 39, 33, 31, 20, 17, 48, 28, 6, 29, 26, 51, 25, 46] - 17982.0
GENERATION 119: [50, 10, 11, 27, 43, 19, 49, 2, 16, 18, 35, 4, 32, 42, 36, 15, 23, 13, 12, 47, 34, 38, 7, 40, 1, 41, 9, 8, 44, 24, 21, 37, 45, 0, 22, 30, 5, 3, 14, 39, 33, 31, 20, 17, 48, 28, 6, 29, 26, 51, 25, 46] - 17982.0
GENERATION 120: [50, 10, 11, 27, 43, 19, 49, 2, 16, 18, 35, 4, 32, 42, 36, 15, 23, 13, 12, 47, 34, 38, 7, 40, 1, 41, 9, 8, 44, 24, 21, 37, 45, 0, 22, 30, 5, 3, 14, 39, 33, 31, 20, 17, 48, 28, 6, 29, 26, 51, 25, 46] - 17982.0
GENERATION 121: [50, 10, 11, 27, 43, 19, 49, 2, 16, 18, 35, 4, 32, 42, 36, 15, 23, 13, 12, 47, 34, 38, 7, 40, 1, 41, 9, 8, 44, 24, 21, 37, 45, 0, 22, 30, 5, 3, 14, 39, 33, 31, 20, 17, 48, 28, 6, 29, 26, 51, 25, 46] - 17982.0
GENERATION 122: [50, 10, 11, 27, 43, 19, 49, 2, 16, 18, 35, 4, 32, 42, 36, 15, 23, 13, 12, 47, 34, 38, 7, 40, 1, 41, 9, 8, 44, 24, 21, 37, 45, 0, 22, 30, 5, 3, 14, 39, 33, 31, 20, 17, 48, 28, 6, 29, 26, 51, 25, 46] - 17982.0
GENERATION 123: [50, 10, 11, 27, 43, 19, 49, 2, 16, 18, 35, 4, 32, 42, 36, 15, 23, 13, 12, 47, 34, 38, 7, 40, 1, 41, 9, 8, 44, 24, 21, 37, 45, 0, 22, 30, 5, 3, 14, 39, 33, 31, 20, 17, 48, 28, 6, 29, 26, 51, 25, 46] - 17982.0
GENERATION 124: [50, 10, 11, 27, 43, 19, 49, 2, 16, 18, 35, 4, 32, 42, 36, 15, 23, 13, 12, 47, 34, 38, 7, 40, 1, 41, 9, 8, 44, 24, 21, 37, 45, 0, 22, 30, 5, 3, 14, 39, 33, 31, 20, 17, 48, 28, 6, 29, 26, 51, 25, 46] - 17982.0
GENERATION 125: [50, 10, 11, 27, 43, 19, 49, 2, 16, 18, 35, 4, 32, 42, 36, 15, 23, 13, 12, 47, 34, 38, 7, 40, 1, 41, 9, 8, 44, 24, 21, 37, 45, 0, 22, 30, 5, 3, 14, 39, 33, 31, 20, 17, 48, 28, 6, 29, 26, 51, 25, 46] - 17982.0
GENERATION 126: [50, 10, 11, 27, 43, 19, 49, 2, 16, 18, 35, 4, 32, 42, 36, 15, 23, 13, 12, 47, 34, 38, 7, 40, 1, 41, 9, 8, 44, 24, 21, 37, 45, 0, 22, 30, 5, 3, 14, 39, 33, 31, 20, 17, 48, 28, 6, 29, 26, 51, 25, 46] - 17982.0
GENERATION 127: [50, 10, 11, 27, 43, 19, 49, 2, 16, 18, 35, 4, 32, 42, 36, 15, 23, 13, 12, 47, 34, 38, 7, 40, 1, 41, 9, 8, 44, 24, 21, 37, 45, 0, 22, 30, 5, 3, 14, 39, 33, 31, 20, 17, 48, 28, 6, 29, 26, 51, 25, 46] - 17982.0
GENERATION 128: [50, 10, 11, 27, 43, 19, 49, 2, 16, 18, 35, 4, 32, 42, 36, 15, 23, 13, 12, 47, 34, 38, 7, 40, 1, 41, 9, 8, 44, 24, 21, 37, 45, 0, 22, 30, 5, 3, 14, 39, 33, 31, 20, 17, 48, 28, 6, 29, 26, 51, 25, 46] - 17982.0
GENERATION 129: [50, 10, 11, 27, 43, 19, 49, 2, 16, 18, 35, 4, 32, 42, 36, 15, 23, 13, 12, 47, 34, 38, 7, 40, 1, 41, 9, 8, 44, 24, 21, 37, 45, 0, 22, 30, 5, 3, 14, 39, 33, 31, 20, 17, 48, 28, 6, 29, 26, 51, 25, 46] - 17982.0
GENERATION 130: [50, 10, 11, 27, 43, 19, 49, 2, 16, 18, 35, 4, 32, 42, 36, 15, 23, 13, 12, 47, 34, 38, 7, 40, 1, 41, 9, 8, 44, 24, 21, 37, 45, 0, 22, 30, 5, 3, 14, 39, 33, 31, 20, 17, 48, 28, 6, 29, 26, 51, 25, 46] - 17982.0
GENERATION 131: [50, 10, 11, 27, 43, 19, 49, 2, 16, 18, 35, 4, 32, 42, 36, 15, 23, 13, 12, 47, 34, 38, 7, 40, 1, 41, 9, 8, 44, 24, 21, 37, 45, 0, 22, 30, 5, 3, 14, 39, 33, 31, 20, 17, 48, 28, 6, 29, 26, 51, 25, 46] - 17982.0
GENERATION 132: [50, 10, 11, 27, 43, 19, 49, 2, 16, 18, 35, 4, 32, 42, 36, 15, 23, 13, 12, 47, 34, 38, 7, 40, 1, 41, 9, 8, 44, 24, 21, 37, 45, 0, 22, 30, 5, 3, 14, 39, 33, 31, 20, 17, 48, 28, 6, 29, 26, 51, 25, 46] - 17982.0
GENERATION 133: [50, 10, 11, 27, 43, 19, 49, 2, 16, 18, 35, 4, 32, 42, 36, 15, 23, 13, 12, 47, 34, 38, 7, 40, 1, 41, 9, 8, 44, 24, 21, 37, 45, 0, 22, 30, 5, 3, 14, 39, 33, 31, 20, 17, 48, 28, 6, 29, 26, 51, 25, 46] - 17982.0
GENERATION 134: [50, 10, 11, 27, 43, 19, 49, 2, 16, 18, 35, 4, 32, 42, 36, 15, 23, 13, 12, 47, 34, 38, 7, 40, 1, 41, 9, 8, 44, 24, 21, 37, 45, 0, 22, 30, 5, 3, 14, 39, 33, 31, 20, 17, 48, 28, 6, 29, 26, 51, 25, 46] - 17982.0
GENERATION 135: [50, 10, 11, 27, 43, 19, 49, 2, 16, 18, 35, 4, 32, 42, 36, 15, 23, 13, 12, 47, 34, 38, 7, 40, 1, 41, 9, 8, 44, 24, 21, 37, 45, 0, 22, 30, 5, 3, 14, 39, 33, 31, 20, 17, 48, 28, 6, 29, 26, 51, 25, 46] - 17982.0
GENERATION 136: [50, 10, 11, 27, 43, 19, 49, 2, 16, 18, 35, 4, 32, 42, 36, 15, 23, 13, 12, 47, 34, 38, 7, 40, 1, 41, 9, 8, 44, 24, 21, 37, 45, 0, 22, 30, 5, 3, 14, 39, 33, 31, 20, 17, 48, 28, 6, 29, 26, 51, 25, 46] - 17982.0
GENERATION 137: [50, 10, 11, 27, 43, 19, 49, 2, 16, 18, 35, 4, 32, 42, 36, 15, 23, 13, 12, 47, 34, 38, 7, 40, 1, 41, 9, 8, 44, 24, 21, 37, 45, 0, 22, 30, 5, 3, 14, 39, 33, 31, 20, 17, 48, 28, 6, 29, 26, 51, 25, 46] - 17982.0
GENERATION 138: [50, 10, 11, 27, 43, 19, 49, 2, 16, 18, 35, 4, 32, 42, 36, 15, 23, 13, 12, 47, 34, 38, 7, 40, 1, 41, 9, 8, 44, 24, 21, 37, 45, 0, 22, 30, 5, 3, 14, 39, 33, 31, 20, 17, 48, 28, 6, 29, 26, 51, 25, 46] - 17982.0
GENERATION 139: [50, 10, 11, 27, 43, 19, 49, 2, 16, 18, 35, 4, 32, 42, 36, 15, 23, 13, 12, 47, 34, 38, 7, 40, 1, 41, 9, 8, 44, 24, 21, 37, 45, 0, 22, 30, 5, 3, 14, 39, 33, 31, 20, 17, 48, 28, 6, 29, 26, 51, 25, 46] - 17982.0
GENERATION 140: [50, 10, 11, 27, 43, 19, 49, 2, 16, 18, 35, 4, 32, 42, 36, 15, 23, 13, 12, 47, 34, 38, 7, 40, 1, 41, 9, 8, 44, 24, 21, 37, 45, 0, 22, 30, 5, 3, 14, 39, 33, 31, 20, 17, 48, 28, 6, 29, 26, 51, 25, 46] - 17982.0
GENERATION 141: [50, 10, 11, 27, 43, 19, 49, 2, 16, 18, 35, 4, 32, 42, 36, 15, 23, 13, 12, 47, 34, 38, 7, 40, 1, 41, 9, 8, 44, 24, 21, 37, 45, 0, 22, 30, 5, 3, 14, 39, 33, 31, 20, 17, 48, 28, 6, 29, 26, 51, 25, 46] - 17982.0
GENERATION 142: [50, 10, 11, 27, 43, 19, 49, 2, 16, 18, 35, 4, 32, 42, 36, 15, 23, 13, 12, 47, 34, 38, 7, 40, 1, 41, 9, 8, 44, 24, 21, 37, 45, 0, 22, 30, 5, 3, 14, 39, 33, 31, 20, 17, 48, 28, 6, 29, 26, 51, 25, 46] - 17982.0
GENERATION 143: [50, 10, 11, 27, 43, 19, 49, 2, 16, 18, 35, 4, 32, 42, 36, 15, 23, 13, 12, 47, 34, 38, 7, 40, 1, 41, 9, 8, 44, 24, 21, 37, 45, 0, 22, 30, 5, 3, 14, 39, 33, 31, 20, 17, 48, 28, 6, 29, 26, 51, 25, 46] - 17982.0
GENERATION 144: [50, 10, 11, 27, 43, 19, 49, 2, 16, 18, 35, 4, 32, 42, 36, 15, 23, 13, 12, 47, 34, 38, 7, 40, 1, 41, 9, 8, 44, 24, 21, 37, 45, 0, 22, 30, 5, 3, 14, 39, 33, 31, 20, 17, 48, 28, 6, 29, 26, 51, 25, 46] - 17982.0
GENERATION 145: [50, 10, 11, 27, 43, 19, 49, 2, 16, 18, 35, 4, 32, 42, 36, 15, 23, 13, 12, 47, 34, 38, 7, 40, 1, 41, 9, 8, 44, 24, 21, 37, 45, 0, 22, 30, 5, 3, 14, 39, 33, 31, 20, 17, 48, 28, 6, 29, 26, 51, 25, 46] - 17982.0
GENERATION 146: [50, 10, 11, 27, 43, 19, 49, 2, 16, 18, 35, 4, 32, 42, 36, 15, 23, 13, 12, 47, 34, 38, 7, 40, 1, 41, 9, 8, 44, 24, 21, 37, 45, 0, 22, 30, 5, 3, 14, 39, 33, 31, 20, 17, 48, 28, 6, 29, 26, 51, 25, 46] - 17982.0
GENERATION 147: [50, 10, 11, 27, 43, 19, 49, 2, 16, 18, 35, 4, 32, 42, 36, 15, 23, 13, 12, 47, 34, 38, 7, 40, 1, 41, 9, 8, 44, 24, 21, 37, 45, 0, 22, 30, 5, 3, 14, 39, 33, 31, 20, 17, 48, 28, 6, 29, 26, 51, 25, 46] - 17982.0
GENERATION 148: [50, 10, 11, 27, 43, 19, 49, 2, 16, 18, 35, 4, 32, 42, 36, 15, 23, 13, 12, 47, 34, 38, 7, 40, 1, 41, 9, 8, 44, 24, 21, 37, 45, 0, 22, 30, 5, 3, 14, 39, 33, 31, 20, 17, 48, 28, 6, 29, 26, 51, 25, 46] - 17982.0
GENERATION 149: [50, 10, 11, 27, 43, 19, 49, 2, 16, 18, 35, 4, 32, 42, 36, 15, 23, 13, 12, 47, 34, 38, 7, 40, 1, 41, 9, 8, 44, 24, 21, 37, 45, 0, 22, 30, 5, 3, 14, 39, 33, 31, 20, 17, 48, 28, 6, 29, 26, 51, 25, 46] - 17982.0
GENERATION 150: [50, 10, 11, 27, 43, 19, 49, 2, 16, 18, 35, 4, 32, 42, 36, 15, 23, 13, 12, 47, 34, 38, 7, 40, 1, 41, 9, 8, 44, 24, 21, 37, 45, 0, 22, 30, 5, 3, 14, 39, 33, 31, 20, 17, 48, 28, 6, 29, 26, 51, 25, 46] - 17982.0
GENERATION 151: [50, 10, 11, 27, 43, 19, 49, 2, 16, 18, 35, 4, 32, 42, 36, 15, 23, 13, 12, 47, 34, 38, 7, 40, 1, 41, 9, 8, 44, 24, 21, 37, 45, 0, 22, 30, 5, 3, 14, 39, 33, 31, 20, 17, 48, 28, 6, 29, 26, 51, 25, 46] - 17982.0
GENERATION 152: [50, 10, 11, 27, 43, 19, 49, 2, 16, 18, 35, 4, 32, 42, 36, 15, 23, 13, 12, 47, 34, 38, 7, 40, 1, 41, 9, 8, 44, 24, 21, 37, 45, 0, 22, 30, 5, 3, 14, 39, 33, 31, 20, 17, 48, 28, 6, 29, 26, 51, 25, 46] - 17982.0
GENERATION 153: [50, 10, 11, 27, 43, 19, 49, 2, 16, 18, 35, 4, 32, 42, 36, 15, 23, 13, 12, 47, 34, 38, 7, 40, 1, 41, 9, 8, 44, 24, 21, 37, 45, 0, 22, 30, 5, 3, 14, 39, 33, 31, 20, 17, 48, 28, 6, 29, 26, 51, 25, 46] - 17982.0
GENERATION 154: [50, 10, 11, 27, 43, 19, 49, 2, 16, 18, 35, 4, 32, 42, 36, 15, 23, 13, 12, 47, 34, 38, 7, 40, 1, 41, 9, 8, 44, 24, 21, 37, 45, 0, 22, 30, 5, 3, 14, 39, 33, 31, 20, 17, 48, 28, 6, 29, 26, 51, 25, 46] - 17982.0
GENERATION 155: [50, 10, 11, 27, 43, 19, 49, 2, 16, 18, 35, 4, 32, 42, 36, 15, 23, 13, 12, 47, 34, 38, 7, 40, 1, 41, 9, 8, 44, 24, 21, 37, 45, 0, 22, 30, 5, 3, 14, 39, 33, 31, 20, 17, 48, 28, 6, 29, 26, 51, 25, 46] - 17982.0
GENERATION 156: [50, 10, 11, 27, 43, 19, 49, 2, 16, 18, 35, 4, 32, 42, 36, 15, 23, 13, 12, 47, 34, 38, 7, 40, 1, 41, 9, 8, 44, 24, 21, 37, 45, 0, 22, 30, 5, 3, 14, 39, 33, 31, 20, 17, 48, 28, 6, 29, 26, 51, 25, 46] - 17982.0
GENERATION 157: [50, 10, 11, 27, 43, 19, 49, 2, 16, 18, 35, 4, 32, 42, 36, 15, 23, 13, 12, 47, 34, 38, 7, 40, 1, 41, 9, 8, 44, 24, 21, 37, 45, 0, 22, 30, 5, 3, 14, 39, 33, 31, 20, 17, 48, 28, 6, 29, 26, 51, 25, 46] - 17982.0
GENERATION 158: [50, 10, 11, 27, 43, 19, 49, 2, 16, 18, 35, 4, 32, 42, 36, 15, 23, 13, 12, 47, 34, 38, 7, 40, 1, 41, 9, 8, 44, 24, 21, 37, 45, 0, 22, 30, 5, 3, 14, 39, 33, 31, 20, 17, 48, 28, 6, 29, 26, 51, 25, 46] - 17982.0
GENERATION 159: [50, 10, 11, 27, 43, 19, 49, 2, 16, 18, 35, 4, 32, 42, 36, 15, 23, 13, 12, 47, 34, 38, 7, 40, 1, 41, 9, 8, 44, 24, 21, 37, 45, 0, 22, 30, 5, 3, 14, 39, 33, 31, 20, 17, 48, 28, 6, 29, 26, 51, 25, 46] - 17982.0
GENERATION 160: [50, 10, 11, 27, 43, 19, 49, 2, 16, 18, 35, 4, 32, 42, 36, 15, 23, 13, 12, 47, 34, 38, 7, 40, 1, 41, 9, 8, 44, 24, 21, 37, 45, 0, 22, 30, 5, 3, 14, 39, 33, 31, 20, 17, 48, 28, 6, 29, 26, 51, 25, 46] - 17982.0
GENERATION 161: [50, 10, 11, 27, 43, 19, 49, 2, 16, 18, 35, 4, 32, 42, 36, 15, 23, 13, 12, 47, 34, 38, 7, 40, 1, 41, 9, 8, 44, 24, 21, 37, 45, 0, 22, 30, 5, 3, 14, 39, 33, 31, 20, 17, 48, 28, 6, 29, 26, 51, 25, 46] - 17982.0
GENERATION 162: [50, 10, 11, 27, 43, 19, 49, 2, 16, 18, 35, 4, 32, 42, 36, 15, 23, 13, 12, 47, 34, 38, 7, 40, 1, 41, 9, 8, 44, 24, 21, 37, 45, 0, 22, 30, 5, 3, 14, 39, 33, 31, 20, 17, 48, 28, 6, 29, 26, 51, 25, 46] - 17982.0
GENERATION 163: [50, 10, 11, 27, 43, 19, 49, 2, 16, 18, 35, 4, 32, 42, 36, 15, 23, 13, 12, 47, 34, 38, 7, 40, 1, 41, 9, 8, 44, 24, 21, 37, 45, 0, 22, 30, 5, 3, 14, 39, 33, 31, 20, 17, 48, 28, 6, 29, 26, 51, 25, 46] - 17982.0
GENERATION 164: [50, 10, 11, 27, 43, 19, 49, 2, 16, 18, 35, 4, 32, 42, 36, 15, 23, 13, 12, 47, 34, 38, 7, 40, 1, 41, 9, 8, 44, 24, 21, 37, 45, 0, 22, 30, 5, 3, 14, 39, 33, 31, 20, 17, 48, 28, 6, 29, 26, 51, 25, 46] - 17982.0
GENERATION 165: [50, 10, 11, 27, 43, 19, 49, 2, 16, 18, 35, 4, 32, 42, 36, 15, 23, 13, 12, 47, 34, 38, 7, 40, 1, 41, 9, 8, 44, 24, 21, 37, 45, 0, 22, 30, 5, 3, 14, 39, 33, 31, 20, 17, 48, 28, 6, 29, 26, 51, 25, 46] - 17982.0
GENERATION 166: [50, 10, 11, 27, 43, 19, 49, 2, 16, 18, 35, 4, 32, 42, 36, 15, 23, 13, 12, 47, 34, 38, 7, 40, 1, 41, 9, 8, 44, 24, 21, 37, 45, 0, 22, 30, 5, 3, 14, 39, 33, 31, 20, 17, 48, 28, 6, 29, 26, 51, 25, 46] - 17982.0
GENERATION 167: [50, 10, 11, 27, 43, 19, 49, 2, 16, 18, 35, 4, 32, 42, 36, 15, 23, 13, 12, 47, 34, 38, 7, 40, 1, 41, 9, 8, 44, 24, 21, 37, 45, 0, 22, 30, 5, 3, 14, 39, 33, 31, 20, 17, 48, 28, 6, 29, 26, 51, 25, 46] - 17982.0
GENERATION 168: [50, 10, 11, 27, 43, 19, 49, 2, 16, 18, 35, 4, 32, 42, 36, 15, 23, 13, 12, 47, 34, 38, 7, 40, 1, 41, 9, 8, 44, 24, 21, 37, 45, 0, 22, 30, 5, 3, 14, 39, 33, 31, 20, 17, 48, 28, 6, 29, 26, 51, 25, 46] - 17982.0
GENERATION 169: [50, 10, 11, 27, 43, 19, 49, 2, 16, 18, 35, 4, 32, 42, 36, 15, 23, 13, 12, 47, 34, 38, 7, 40, 1, 41, 9, 8, 44, 24, 21, 37, 45, 0, 22, 30, 5, 3, 14, 39, 33, 31, 20, 17, 48, 28, 6, 29, 26, 51, 25, 46] - 17982.0
GENERATION 170: [50, 10, 11, 27, 43, 19, 49, 2, 16, 18, 35, 4, 32, 42, 36, 15, 23, 13, 12, 47, 34, 38, 7, 40, 1, 41, 9, 8, 44, 24, 21, 37, 45, 0, 22, 30, 5, 3, 14, 39, 33, 31, 20, 17, 48, 28, 6, 29, 26, 51, 25, 46] - 17982.0
GENERATION 171: [50, 10, 11, 27, 43, 19, 49, 2, 16, 18, 35, 4, 32, 42, 36, 15, 23, 13, 12, 47, 34, 38, 7, 40, 1, 41, 9, 8, 44, 24, 21, 37, 45, 0, 22, 30, 5, 3, 14, 39, 33, 31, 20, 17, 48, 28, 6, 29, 26, 51, 25, 46] - 17982.0
GENERATION 172: [50, 10, 11, 27, 43, 19, 49, 2, 16, 18, 35, 4, 32, 42, 36, 15, 23, 13, 12, 47, 34, 38, 7, 40, 1, 41, 9, 8, 44, 24, 21, 37, 45, 0, 22, 30, 5, 3, 14, 39, 33, 31, 20, 17, 48, 28, 6, 29, 26, 51, 25, 46] - 17982.0
GENERATION 173: [50, 10, 11, 27, 43, 19, 49, 2, 16, 18, 35, 4, 32, 42, 36, 15, 23, 13, 12, 47, 34, 38, 7, 40, 1, 41, 9, 8, 44, 24, 21, 37, 45, 0, 22, 30, 5, 3, 14, 39, 33, 31, 20, 17, 48, 28, 6, 29, 26, 51, 25, 46] - 17982.0
GENERATION 174: [50, 10, 11, 27, 43, 19, 49, 2, 16, 18, 35, 4, 32, 42, 36, 15, 23, 13, 12, 47, 34, 38, 7, 40, 1, 41, 9, 8, 44, 24, 21, 37, 45, 0, 22, 30, 5, 3, 14, 39, 33, 31, 20, 17, 48, 28, 6, 29, 26, 51, 25, 46] - 17982.0
GENERATION 175: [50, 10, 11, 27, 43, 19, 49, 2, 16, 18, 35, 4, 32, 42, 36, 15, 23, 13, 12, 47, 34, 38, 7, 40, 1, 41, 9, 8, 44, 24, 21, 37, 45, 0, 22, 30, 5, 3, 14, 39, 33, 31, 20, 17, 48, 28, 6, 29, 26, 51, 25, 46] - 17982.0
GENERATION 176: [50, 10, 11, 27, 43, 19, 49, 2, 16, 18, 35, 4, 32, 42, 36, 15, 23, 13, 12, 47, 34, 38, 7, 40, 1, 41, 9, 8, 44, 24, 21, 37, 45, 0, 22, 30, 5, 3, 14, 39, 33, 31, 20, 17, 48, 28, 6, 29, 26, 51, 25, 46] - 17982.0
GENERATION 177: [50, 10, 11, 27, 43, 19, 49, 2, 16, 18, 35, 4, 32, 42, 36, 15, 23, 13, 12, 47, 34, 38, 7, 40, 1, 41, 9, 8, 44, 24, 21, 37, 45, 0, 22, 30, 5, 3, 14, 39, 33, 31, 20, 17, 48, 28, 6, 29, 26, 51, 25, 46] - 17982.0
GENERATION 178: [50, 10, 11, 27, 43, 19, 49, 2, 16, 18, 35, 4, 32, 42, 36, 15, 23, 13, 12, 47, 34, 38, 7, 40, 1, 41, 9, 8, 44, 24, 21, 37, 45, 0, 22, 30, 5, 3, 14, 39, 33, 31, 20, 17, 48, 28, 6, 29, 26, 51, 25, 46] - 17982.0
GENERATION 179: [50, 10, 11, 27, 43, 19, 49, 2, 16, 18, 35, 4, 32, 42, 36, 15, 23, 13, 12, 47, 34, 38, 7, 40, 1, 41, 9, 8, 44, 24, 21, 37, 45, 0, 22, 30, 5, 3, 14, 39, 33, 31, 20, 17, 48, 28, 6, 29, 26, 51, 25, 46] - 17982.0
GENERATION 180: [50, 10, 11, 27, 43, 19, 49, 2, 16, 18, 35, 4, 32, 42, 36, 15, 23, 13, 12, 47, 34, 38, 7, 40, 1, 41, 9, 8, 44, 24, 21, 37, 45, 0, 22, 30, 5, 3, 14, 39, 33, 31, 20, 17, 48, 28, 6, 29, 26, 51, 25, 46] - 17982.0
GENERATION 181: [50, 10, 11, 27, 43, 19, 49, 2, 16, 18, 35, 4, 32, 42, 36, 15, 23, 13, 12, 47, 34, 38, 7, 40, 1, 41, 9, 8, 44, 24, 21, 37, 45, 0, 22, 30, 5, 3, 14, 39, 33, 31, 20, 17, 48, 28, 6, 29, 26, 51, 25, 46] - 17982.0
GENERATION 182: [50, 10, 11, 27, 43, 19, 49, 2, 16, 18, 35, 4, 32, 42, 36, 15, 23, 13, 12, 47, 34, 38, 7, 40, 1, 41, 9, 8, 44, 24, 21, 37, 45, 0, 22, 30, 5, 3, 14, 39, 33, 31, 20, 17, 48, 28, 6, 29, 26, 51, 25, 46] - 17982.0
GENERATION 183: [50, 10, 11, 27, 43, 19, 49, 2, 16, 18, 35, 4, 32, 42, 36, 15, 23, 13, 12, 47, 34, 38, 7, 40, 1, 41, 9, 8, 44, 24, 21, 37, 45, 0, 22, 30, 5, 3, 14, 39, 33, 31, 20, 17, 48, 28, 6, 29, 26, 51, 25, 46] - 17982.0
GENERATION 184: [50, 10, 11, 27, 43, 19, 49, 2, 16, 18, 35, 4, 32, 42, 36, 15, 23, 13, 12, 47, 34, 38, 7, 40, 1, 41, 9, 8, 44, 24, 21, 37, 45, 0, 22, 30, 5, 3, 14, 39, 33, 31, 20, 17, 48, 28, 6, 29, 26, 51, 25, 46] - 17982.0
GENERATION 185: [50, 10, 11, 27, 43, 19, 49, 2, 16, 18, 35, 4, 32, 42, 36, 15, 23, 13, 12, 47, 34, 38, 7, 40, 1, 41, 9, 8, 44, 24, 21, 37, 45, 0, 22, 30, 5, 3, 14, 39, 33, 31, 20, 17, 48, 28, 6, 29, 26, 51, 25, 46] - 17982.0
GENERATION 186: [50, 10, 11, 27, 43, 19, 49, 2, 16, 18, 35, 4, 32, 42, 36, 15, 23, 13, 12, 47, 34, 38, 7, 40, 1, 41, 9, 8, 44, 24, 21, 37, 45, 0, 22, 30, 5, 3, 14, 39, 33, 31, 20, 17, 48, 28, 6, 29, 26, 51, 25, 46] - 17982.0
GENERATION 187: [50, 10, 11, 27, 43, 19, 49, 2, 16, 18, 35, 4, 32, 42, 36, 15, 23, 13, 12, 47, 34, 38, 7, 40, 1, 41, 9, 8, 44, 24, 21, 37, 45, 0, 22, 30, 5, 3, 14, 39, 33, 31, 20, 17, 48, 28, 6, 29, 26, 51, 25, 46] - 17982.0
GENERATION 188: [50, 10, 11, 27, 43, 19, 49, 2, 16, 18, 35, 4, 32, 42, 36, 15, 23, 13, 12, 47, 34, 38, 7, 40, 1, 41, 9, 8, 44, 24, 21, 37, 45, 0, 22, 30, 5, 3, 14, 39, 33, 31, 20, 17, 48, 28, 6, 29, 26, 51, 25, 46] - 17982.0
GENERATION 189: [50, 10, 11, 27, 43, 19, 49, 2, 16, 18, 35, 4, 32, 42, 36, 15, 23, 13, 12, 47, 34, 38, 7, 40, 1, 41, 9, 8, 44, 24, 21, 37, 45, 0, 22, 30, 5, 3, 14, 39, 33, 31, 20, 17, 48, 28, 6, 29, 26, 51, 25, 46] - 17982.0
GENERATION 190: [50, 10, 11, 27, 43, 19, 49, 2, 16, 18, 35, 4, 32, 42, 36, 15, 23, 13, 12, 47, 34, 38, 7, 40, 1, 41, 9, 8, 44, 24, 21, 37, 45, 0, 22, 30, 5, 3, 14, 39, 33, 31, 20, 17, 48, 28, 6, 29, 26, 51, 25, 46] - 17982.0
GENERATION 191: [50, 10, 11, 27, 43, 19, 49, 2, 16, 18, 35, 4, 32, 42, 36, 15, 23, 13, 12, 47, 34, 38, 7, 40, 1, 41, 9, 8, 44, 24, 21, 37, 45, 0, 22, 30, 5, 3, 14, 39, 33, 31, 20, 17, 48, 28, 6, 29, 26, 51, 25, 46] - 17982.0
GENERATION 192: [50, 10, 11, 27, 43, 19, 49, 2, 16, 18, 35, 4, 32, 42, 36, 15, 23, 13, 12, 47, 34, 38, 7, 40, 1, 41, 9, 8, 44, 24, 21, 37, 45, 0, 22, 30, 5, 3, 14, 39, 33, 31, 20, 17, 48, 28, 6, 29, 26, 51, 25, 46] - 17982.0
GENERATION 193: [50, 10, 11, 27, 43, 19, 49, 2, 16, 18, 35, 4, 32, 42, 36, 15, 23, 13, 12, 47, 34, 38, 7, 40, 1, 41, 9, 8, 44, 24, 21, 37, 45, 0, 22, 30, 5, 3, 14, 39, 33, 31, 20, 17, 48, 28, 6, 29, 26, 51, 25, 46] - 17982.0
GENERATION 194: [50, 10, 11, 27, 43, 19, 49, 2, 16, 18, 35, 4, 32, 42, 36, 15, 23, 13, 12, 47, 34, 38, 7, 40, 1, 41, 9, 8, 44, 24, 21, 37, 45, 0, 22, 30, 5, 3, 14, 39, 33, 31, 20, 17, 48, 28, 6, 29, 26, 51, 25, 46] - 17982.0
GENERATION 195: [50, 10, 11, 27, 43, 19, 49, 2, 16, 18, 35, 4, 32, 42, 36, 15, 23, 13, 12, 47, 34, 38, 7, 40, 1, 41, 9, 8, 44, 24, 21, 37, 45, 0, 22, 30, 5, 3, 14, 39, 33, 31, 20, 17, 48, 28, 6, 29, 26, 51, 25, 46] - 17982.0
GENERATION 196: [50, 10, 11, 27, 43, 19, 49, 2, 16, 18, 35, 4, 32, 42, 36, 15, 23, 13, 12, 47, 34, 38, 7, 40, 1, 41, 9, 8, 44, 24, 21, 37, 45, 0, 22, 30, 5, 3, 14, 39, 33, 31, 20, 17, 48, 28, 6, 29, 26, 51, 25, 46] - 17982.0
GENERATION 197: [50, 10, 11, 27, 43, 19, 49, 2, 16, 18, 35, 4, 32, 42, 36, 15, 23, 13, 12, 47, 34, 38, 7, 40, 1, 41, 9, 8, 44, 24, 21, 37, 45, 0, 22, 30, 5, 3, 14, 39, 33, 31, 20, 17, 48, 28, 6, 29, 26, 51, 25, 46] - 17982.0
GENERATION 198: [50, 10, 11, 27, 43, 19, 49, 2, 16, 18, 35, 4, 32, 42, 36, 15, 23, 13, 12, 47, 34, 38, 7, 40, 1, 41, 9, 8, 44, 24, 21, 37, 45, 0, 22, 30, 5, 3, 14, 39, 33, 31, 20, 17, 48, 28, 6, 29, 26, 51, 25, 46] - 17982.0
GENERATION 199: [50, 10, 11, 27, 43, 19, 49, 2, 16, 18, 35, 4, 32, 42, 36, 15, 23, 13, 12, 47, 34, 38, 7, 40, 1, 41, 9, 8, 44, 24, 21, 37, 45, 0, 22, 30, 5, 3, 14, 39, 33, 31, 20, 17, 48, 28, 6, 29, 26, 51, 25, 46] - 17982.0
