GENERATION 0: [2, 3, 0, 1] - 13.0
GENERATION 1: [2, 3, 0, 1] - 13.0
GENERATION 2: [2, 3, 0, 1] - 13.0
GENERATION 3: [2, 3, 0, 1] - 13.0
GENERATION 4: [2, 3, 0, 1] - 13.0
GENERATION 5: [2, 3, 0, 1] - 13.0
GENERATION 6: [2, 3, 0, 1] - 13.0
GENERATION 7: [2, 3, 0, 1] - 13.0
GENERATION 8: [2, 3, 0, 1] - 13.0
GENERATION 9: [2, 3, 0, 1] - 13.0
GENERATION 10: [2, 3, 0, 1] - 13.0
GENERATION 11: [2, 3, 0, 1] - 13.0
GENERATION 12: [2, 3, 0, 1] - 13.0
GENERATION 13: [2, 3, 0, 1] - 13.0
GENERATION 14: [2, 3, 0, 1] - 13.0
GENERATION 15: [2, 3, 0, 1] - 13.0
GENERATION 16: [2, 3, 0, 1] - 13.0
GENERATION 17: [2, 3, 0, 1] - 13.0
GENERATION 18: [2, 3, 0, 1] - 13.0
GENERATION 19: [2, 3, 0, 1] - 13.0
GENERATION 20: [2, 3, 0, 1] - 13.0
GENERATION 21: [2, 3, 0, 1] - 13.0
GENERATION 22: [2, 3, 0, 1] - 13.0
GENERATION 23: [2, 3, 0, 1] - 13.0
GENERATION 24: [2, 3, 0, 1] - 13.0
GENERATION 25: [2, 3, 0, 1] - 13.0
GENERATION 26: [2, 3, 0, 1] - 13.0
GENERATION 27: [2, 3, 0, 1] - 13.0
GENERATION 28: [2, 3, 0, 1] - 13.0
GENERATION 29: [2, 3, 0, 1] - 13.0
GENERATION 30: [2, 3, 0, 1] - 13.0
GENERATION 31: [2, 3, 0, 1] - 13.0
GENERATION 32: [2, 3, 0, 1] - 13.0
GENERATION 33: [2, 3, 0, 1] - 13.0
GENERATION 34: [2, 3, 0, 1] - 13.0
GENERATION 35: [2, 3, 0, 1] - 13.0
GENERATION 36: [2, 3, 0, 1] - 13.0
GENERATION 37: [2, 3, 0, 1] - 13.0
GENERATION 38: [2, 3, 0, 1] - 13.0
GENERATION 39: [2, 3, 0, 1] - 13.0
GENERATION 40: [2, 3, 0, 1] - 13.0
GENERATION 41: [2, 3, 0, 1] - 13.0
GENERATION 42: [2, 3, 0, 1] - 13.0
GENERATION 43: [2, 3, 0, 1] - 13.0
GENERATION 44: [2, 3, 0, 1] - 13.0
GENERATION 45: [2, 3, 0, 1] - 13.0
GENERATION 46: [2, 3, 0, 1] - 13.0
GENERATION 47: [2, 3, 0, 1] - 13.0
GENERATION 48: [2, 3, 0, 1] - 13.0
GENERATION 49: [2, 3, 0, 1] - 13.0
GENERATION 50: [2, 3, 0, 1] - 13.0
GENERATION 51: [2, 3, 0, 1] - 13.0
GENERATION 52: [2, 3, 0, 1] - 13.0
GENERATION 53: [2, 3, 0, 1] - 13.0
GENERATION 54: [2, 3, 0, 1] - 13.0
GENERATION 55: [2, 3, 0, 1] - 13.0
GENERATION 56: [2, 3, 0, 1] - 13.0
GENERATION 57: [2, 3, 0, 1] - 13.0
GENERATION 58: [2, 3, 0, 1] - 13.0
GENERATION 59: [2, 3, 0, 1] - 13.0
GENERATION 60: [2, 3, 0, 1] - 13.0
GENERATION 61: [2, 3, 0, 1] - 13.0
GENERATION 62: [2, 3, 0, 1] - 13.0
GENERATION 63: [2, 3, 0, 1] - 13.0
GENERATION 64: [2, 3, 0, 1] - 13.0
GENERATION 65: [2, 3, 0, 1] - 13.0
GENERATION 66: [2, 3, 0, 1] - 13.0
GENERATION 67: [2, 3, 0, 1] - 13.0
GENERATION 68: [2, 3, 0, 1] - 13.0
GENERATION 69: [2, 3, 0, 1] - 13.0
GENERATION 70: [2, 3, 0, 1] - 13.0
GENERATION 71: [2, 3, 0, 1] - 13.0
GENERATION 72: [2, 3, 0, 1] - 13.0
GENERATION 73: [2, 3, 0, 1] - 13.0
GENERATION 74: [2, 3, 0, 1] - 13.0
GENERATION 75: [2, 3, 0, 1] - 13.0
GENERATION 76: [2, 3, 0, 1] - 13.0
GENERATION 77: [2, 3, 0, 1] - 13.0
GENERATION 78: [2, 3, 0, 1] - 13.0
GENERATION 79: [2, 3, 0, 1] - 13.0
GENERATION 80: [2, 3, 0, 1] - 13.0
GENERATION 81: [2, 3, 0, 1] - 13.0
GENERATION 82: [2, 3, 0, 1] - 13.0
GENERATION 83: [2, 3, 0, 1] - 13.0
GENERATION 84: [2, 3, 0, 1] - 13.0
GENERATION 85: [2, 3, 0, 1] - 13.0
GENERATION 86: [2, 3, 0, 1] - 13.0
GENERATION 87: [2, 3, 0, 1] - 13.0
GENERATION 88: [2, 3, 0, 1] - 13.0
GENERATION 89: [2, 3, 0, 1] - 13.0
GENERATION 90: [2, 3, 0, 1] - 13.0
GENERATION 91: [2, 3, 0, 1] - 13.0
GENERATION 92: [2, 3, 0, 1] - 13.0
GENERATION 93: [2, 3, 0, 1] - 13.0
GENERATION 94: [2, 3, 0, 1] - 13.0
GENERATION 95: [2, 3, 0, 1] - 13.0
GENERATION 96: [2, 3, 0, 1] - 13.0
GENERATION 97: [2, 3, 0, 1] - 13.0
GENERATION 98: [2, 3, 0, 1] - 13.0
GENERATION 99: [2, 3, 0, 1] - 13.0
GENERATION 100: [2, 3, 0, 1] - 13.0
GENERATION 101: [2, 3, 0, 1] - 13.0
GENERATION 102: [2, 3, 0, 1] - 13.0
GENERATION 103: [2, 3, 0, 1] - 13.0
GENERATION 104: [2, 3, 0, 1] - 13.0
GENERATION 105: [2, 3, 0, 1] - 13.0
GENERATION 106: [2, 3, 0, 1] - 13.0
GENERATION 107: [2, 3, 0, 1] - 13.0
GENERATION 108: [2, 3, 0, 1] - 13.0
GENERATION 109: [2, 3, 0, 1] - 13.0
GENERATION 110: [2, 3, 0, 1] - 13.0
GENERATION 111: [2, 3, 0, 1] - 13.0
GENERATION 112: [2, 3, 0, 1] - 13.0
GENERATION 113: [2, 3, 0, 1] - 13.0
GENERATION 114: [2, 3, 0, 1] - 13.0
GENERATION 115: [2, 3, 0, 1] - 13.0
GENERATION 116: [2, 3, 0, 1] - 13.0
GENERATION 117: [2, 3, 0, 1] - 13.0
GENERATION 118: [2, 3, 0, 1] - 13.0
GENERATION 119: [2, 3, 0, 1] - 13.0
GENERATION 120: [2, 3, 0, 1] - 13.0
GENERATION 121: [2, 3, 0, 1] - 13.0
GENERATION 122: [2, 3, 0, 1] - 13.0
GENERATION 123: [2, 3, 0, 1] - 13.0
GENERATION 124: [2, 3, 0, 1] - 13.0
GENERATION 125: [2, 3, 0, 1] - 13.0
GENERATION 126: [2, 3, 0, 1] - 13.0
GENERATION 127: [2, 3, 0, 1] - 13.0
GENERATION 128: [2, 3, 0, 1] - 13.0
GENERATION 129: [2, 3, 0, 1] - 13.0
GENERATION 130: [2, 3, 0, 1] - 13.0
GENERATION 131: [2, 3, 0, 1] - 13.0
GENERATION 132: [2, 3, 0, 1] - 13.0
GENERATION 133: [2, 3, 0, 1] - 13.0
GENERATION 134: [2, 3, 0, 1] - 13.0
GENERATION 135: [2, 3, 0, 1] - 13.0
GENERATION 136: [2, 3, 0, 1] - 13.0
GENERATION 137: [2, 3, 0, 1] - 13.0
GENERATION 138: [2, 3, 0, 1] - 13.0
GENERATION 139: [2, 3, 0, 1] - 13.0
GENERATION 140: [2, 3, 0, 1] - 13.0
GENERATION 141: [2, 3, 0, 1] - 13.0
GENERATION 142: [2, 3, 0, 1] - 13.0
GENERATION 143: [2, 3, 0, 1] - 13.0
GENERATION 144: [2, 3, 0, 1] - 13.0
GENERATION 145: [2, 3, 0, 1] - 13.0
GENERATION 146: [2, 3, 0, 1] - 13.0
GENERATION 147: [2, 3, 0, 1] - 13.0
GENERATION 148: [2, 3, 0, 1] - 13.0
GENERATION 149: [2, 3, 0, 1] - 13.0
GENERATION 150: [2, 3, 0, 1] - 13.0
GENERATION 151: [2, 3, 0, 1] - 13.0
GENERATION 152: [2, 3, 0, 1] - 13.0
GENERATION 153: [2, 3, 0, 1] - 13.0
GENERATION 154: [2, 3, 0, 1] - 13.0
GENERATION 155: [2, 3, 0, 1] - 13.0
GENERATION 156: [2, 3, 0, 1] - 13.0
GENERATION 157: [2, 3, 0, 1] - 13.0
GENERATION 158: [2, 3, 0, 1] - 13.0
GENERATION 159: [2, 3, 0, 1] - 13.0
GENERATION 160: [2, 3, 0, 1] - 13.0
GENERATION 161: [2, 3, 0, 1] - 13.0
GENERATION 162: [2, 3, 0, 1] - 13.0
GENERATION 163: [2, 3, 0, 1] - 13.0
GENERATION 164: [2, 3, 0, 1] - 13.0
GENERATION 165: [2, 3, 0, 1] - 13.0
GENERATION 166: [2, 3, 0, 1] - 13.0
GENERATION 167: [2, 3, 0, 1] - 13.0
GENERATION 168: [2, 3, 0, 1] - 13.0
GENERATION 169: [2, 3, 0, 1] - 13.0
GENERATION 170: [2, 3, 0, 1] - 13.0
GENERATION 171: [2, 3, 0, 1] - 13.0
GENERATION 172: [2, 3, 0, 1] - 13.0
GENERATION 173: [2, 3, 0, 1] - 13.0
GENERATION 174: [2, 3, 0, 1] - 13.0
GENERATION 175: [2, 3, 0, 1] - 13.0
GENERATION 176: [2, 3, 0, 1] - 13.0
GENERATION 177: [2, 3, 0, 1] - 13.0
GENERATION 178: [2, 3, 0, 1] - 13.0
GENERATION 179: [2, 3, 0, 1] - 13.0
GENERATION 180: [2, 3, 0, 1] - 13.0
GENERATION 181: [2, 3, 0, 1] - 13.0
GENERATION 182: [2, 3, 0, 1] - 13.0
GENERATION 183: [2, 3, 0, 1] - 13.0
GENERATION 184: [2, 3, 0, 1] - 13.0
GENERATION 185: [2, 3, 0, 1] - 13.0
GENERATION 186: [2, 3, 0, 1] - 13.0
GENERATION 187: [2, 3, 0, 1] - 13.0
GENERATION 188: [2, 3, 0, 1] - 13.0
GENERATION 189: [2, 3, 0, 1] - 13.0
GENERATION 190: [2, 3, 0, 1] - 13.0
GENERATION 191: [2, 3, 0, 1] - 13.0
GENERATION 192: [2, 3, 0, 1] - 13.0
GENERATION 193: [2, 3, 0, 1] - 13.0
GENERATION 194: [2, 3, 0, 1] - 13.0
GENERATION 195: [2, 3, 0, 1] - 13.0
GENERATION 196: [2, 3, 0, 1] - 13.0
GENERATION 197: [2, 3, 0, 1] - 13.0
GENERATION 198: [2, 3, 0, 1] - 13.0
GENERATION 199: [2, 3, 0, 1] - 13.0
