GENERATION 0: [0, 1, 2, 3] - 14.0
GENERATION 1: [0, 1, 2, 3] - 14.0
GENERATION 2: [0, 1, 2, 3] - 14.0
GENERATION 3: [0, 1, 2, 3] - 14.0
GENERATION 4: [0, 1, 2, 3] - 14.0
GENERATION 5: [0, 1, 2, 3] - 14.0
GENERATION 6: [0, 1, 2, 3] - 14.0
GENERATION 7: [0, 1, 2, 3] - 14.0
GENERATION 8: [0, 1, 2, 3] - 14.0
GENERATION 9: [0, 1, 2, 3] - 14.0
GENERATION 10: [0, 1, 2, 3] - 14.0
GENERATION 11: [0, 1, 2, 3] - 14.0
GENERATION 12: [0, 1, 2, 3] - 14.0
GENERATION 13: [0, 1, 2, 3] - 14.0
GENERATION 14: [0, 1, 2, 3] - 14.0
GENERATION 15: [0, 1, 2, 3] - 14.0
GENERATION 16: [0, 1, 2, 3] - 14.0
GENERATION 17: [0, 1, 2, 3] - 14.0
GENERATION 18: [0, 1, 2, 3] - 14.0
GENERATION 19: [0, 1, 2, 3] - 14.0
GENERATION 20: [0, 1, 2, 3] - 14.0
GENERATION 21: [0, 1, 2, 3] - 14.0
GENERATION 22: [0, 1, 2, 3] - 14.0
GENERATION 23: [0, 1, 2, 3] - 14.0
GENERATION 24: [0, 1, 2, 3] - 14.0
GENERATION 25: [0, 1, 2, 3] - 14.0
GENERATION 26: [0, 1, 2, 3] - 14.0
GENERATION 27: [0, 1, 2, 3] - 14.0
GENERATION 28: [0, 1, 2, 3] - 14.0
GENERATION 29: [0, 1, 2, 3] - 14.0
GENERATION 30: [0, 1, 2, 3] - 14.0
GENERATION 31: [0, 1, 2, 3] - 14.0
GENERATION 32: [0, 1, 2, 3] - 14.0
GENERATION 33: [0, 1, 2, 3] - 14.0
GENERATION 34: [0, 1, 2, 3] - 14.0
GENERATION 35: [0, 1, 2, 3] - 14.0
GENERATION 36: [0, 1, 2, 3] - 14.0
GENERATION 37: [0, 1, 2, 3] - 14.0
GENERATION 38: [0, 1, 2, 3] - 14.0
GENERATION 39: [0, 1, 2, 3] - 14.0
GENERATION 40: [0, 1, 2, 3] - 14.0
GENERATION 41: [0, 1, 2, 3] - 14.0
GENERATION 42: [0, 1, 2, 3] - 14.0
GENERATION 43: [0, 1, 2, 3] - 14.0
GENERATION 44: [0, 1, 2, 3] - 14.0
GENERATION 45: [0, 1, 2, 3] - 14.0
GENERATION 46: [0, 1, 2, 3] - 14.0
GENERATION 47: [0, 1, 2, 3] - 14.0
GENERATION 48: [0, 1, 2, 3] - 14.0
GENERATION 49: [0, 1, 2, 3] - 14.0
GENERATION 50: [0, 1, 2, 3] - 14.0
GENERATION 51: [0, 1, 2, 3] - 14.0
GENERATION 52: [0, 1, 2, 3] - 14.0
GENERATION 53: [0, 1, 2, 3] - 14.0
GENERATION 54: [0, 1, 2, 3] - 14.0
GENERATION 55: [0, 1, 2, 3] - 14.0
GENERATION 56: [0, 1, 2, 3] - 14.0
GENERATION 57: [0, 1, 2, 3] - 14.0
GENERATION 58: [0, 1, 2, 3] - 14.0
GENERATION 59: [0, 1, 2, 3] - 14.0
GENERATION 60: [0, 1, 2, 3] - 14.0
GENERATION 61: [0, 1, 2, 3] - 14.0
GENERATION 62: [0, 1, 2, 3] - 14.0
GENERATION 63: [0, 1, 2, 3] - 14.0
GENERATION 64: [0, 1, 2, 3] - 14.0
GENERATION 65: [0, 1, 2, 3] - 14.0
GENERATION 66: [0, 1, 2, 3] - 14.0
GENERATION 67: [0, 1, 2, 3] - 14.0
GENERATION 68: [0, 1, 2, 3] - 14.0
GENERATION 69: [0, 1, 2, 3] - 14.0
GENERATION 70: [0, 1, 2, 3] - 14.0
GENERATION 71: [0, 1, 2, 3] - 14.0
GENERATION 72: [0, 1, 2, 3] - 14.0
GENERATION 73: [0, 1, 2, 3] - 14.0
GENERATION 74: [0, 1, 2, 3] - 14.0
GENERATION 75: [0, 1, 2, 3] - 14.0
GENERATION 76: [0, 1, 2, 3] - 14.0
GENERATION 77: [0, 1, 2, 3] - 14.0
GENERATION 78: [0, 1, 2, 3] - 14.0
GENERATION 79: [0, 1, 2, 3] - 14.0
GENERATION 80: [0, 1, 2, 3] - 14.0
GENERATION 81: [0, 1, 2, 3] - 14.0
GENERATION 82: [0, 1, 2, 3] - 14.0
GENERATION 83: [0, 1, 2, 3] - 14.0
GENERATION 84: [0, 1, 2, 3] - 14.0
GENERATION 85: [0, 1, 2, 3] - 14.0
GENERATION 86: [0, 1, 2, 3] - 14.0
GENERATION 87: [0, 1, 2, 3] - 14.0
GENERATION 88: [0, 1, 2, 3] - 14.0
GENERATION 89: [0, 1, 2, 3] - 14.0
GENERATION 90: [0, 1, 2, 3] - 14.0
GENERATION 91: [0, 1, 2, 3] - 14.0
GENERATION 92: [0, 1, 2, 3] - 14.0
GENERATION 93: [0, 1, 2, 3] - 14.0
GENERATION 94: [0, 1, 2, 3] - 14.0
GENERATION 95: [0, 1, 2, 3] - 14.0
GENERATION 96: [0, 1, 2, 3] - 14.0
GENERATION 97: [0, 1, 2, 3] - 14.0
GENERATION 98: [0, 1, 2, 3] - 14.0
GENERATION 99: [0, 1, 2, 3] - 14.0
GENERATION 100: [0, 1, 2, 3] - 14.0
GENERATION 101: [0, 1, 2, 3] - 14.0
GENERATION 102: [0, 1, 2, 3] - 14.0
GENERATION 103: [0, 1, 2, 3] - 14.0
GENERATION 104: [0, 1, 2, 3] - 14.0
GENERATION 105: [0, 1, 2, 3] - 14.0
GENERATION 106: [0, 1, 2, 3] - 14.0
GENERATION 107: [0, 1, 2, 3] - 14.0
GENERATION 108: [0, 1, 2, 3] - 14.0
GENERATION 109: [0, 1, 2, 3] - 14.0
GENERATION 110: [0, 1, 2, 3] - 14.0
GENERATION 111: [0, 1, 2, 3] - 14.0
GENERATION 112: [0, 1, 2, 3] - 14.0
GENERATION 113: [0, 1, 2, 3] - 14.0
GENERATION 114: [0, 1, 2, 3] - 14.0
GENERATION 115: [0, 1, 2, 3] - 14.0
GENERATION 116: [0, 1, 2, 3] - 14.0
GENERATION 117: [0, 1, 2, 3] - 14.0
GENERATION 118: [0, 1, 2, 3] - 14.0
GENERATION 119: [0, 1, 2, 3] - 14.0
GENERATION 120: [0, 1, 2, 3] - 14.0
GENERATION 121: [0, 1, 2, 3] - 14.0
GENERATION 122: [0, 1, 2, 3] - 14.0
GENERATION 123: [0, 1, 2, 3] - 14.0
GENERATION 124: [0, 1, 2, 3] - 14.0
GENERATION 125: [0, 1, 2, 3] - 14.0
GENERATION 126: [0, 1, 2, 3] - 14.0
GENERATION 127: [0, 1, 2, 3] - 14.0
GENERATION 128: [0, 1, 2, 3] - 14.0
GENERATION 129: [0, 1, 2, 3] - 14.0
GENERATION 130: [0, 1, 2, 3] - 14.0
GENERATION 131: [0, 1, 2, 3] - 14.0
GENERATION 132: [0, 1, 2, 3] - 14.0
GENERATION 133: [0, 1, 2, 3] - 14.0
GENERATION 134: [0, 1, 2, 3] - 14.0
GENERATION 135: [0, 1, 2, 3] - 14.0
GENERATION 136: [0, 1, 2, 3] - 14.0
GENERATION 137: [0, 1, 2, 3] - 14.0
GENERATION 138: [0, 1, 2, 3] - 14.0
GENERATION 139: [0, 1, 2, 3] - 14.0
GENERATION 140: [0, 1, 2, 3] - 14.0
GENERATION 141: [0, 1, 2, 3] - 14.0
GENERATION 142: [0, 1, 2, 3] - 14.0
GENERATION 143: [0, 1, 2, 3] - 14.0
GENERATION 144: [0, 1, 2, 3] - 14.0
GENERATION 145: [0, 1, 2, 3] - 14.0
GENERATION 146: [0, 1, 2, 3] - 14.0
GENERATION 147: [0, 1, 2, 3] - 14.0
GENERATION 148: [0, 1, 2, 3] - 14.0
GENERATION 149: [0, 1, 2, 3] - 14.0
GENERATION 150: [0, 1, 2, 3] - 14.0
GENERATION 151: [0, 1, 2, 3] - 14.0
GENERATION 152: [0, 1, 2, 3] - 14.0
GENERATION 153: [0, 1, 2, 3] - 14.0
GENERATION 154: [0, 1, 2, 3] - 14.0
GENERATION 155: [0, 1, 2, 3] - 14.0
GENERATION 156: [0, 1, 2, 3] - 14.0
GENERATION 157: [0, 1, 2, 3] - 14.0
GENERATION 158: [0, 1, 2, 3] - 14.0
GENERATION 159: [0, 1, 2, 3] - 14.0
GENERATION 160: [0, 1, 2, 3] - 14.0
GENERATION 161: [0, 1, 2, 3] - 14.0
GENERATION 162: [0, 1, 2, 3] - 14.0
GENERATION 163: [0, 1, 2, 3] - 14.0
GENERATION 164: [0, 1, 2, 3] - 14.0
GENERATION 165: [0, 1, 2, 3] - 14.0
GENERATION 166: [0, 1, 2, 3] - 14.0
GENERATION 167: [0, 1, 2, 3] - 14.0
GENERATION 168: [0, 1, 2, 3] - 14.0
GENERATION 169: [0, 1, 2, 3] - 14.0
GENERATION 170: [0, 1, 2, 3] - 14.0
GENERATION 171: [0, 1, 2, 3] - 14.0
GENERATION 172: [0, 1, 2, 3] - 14.0
GENERATION 173: [0, 1, 2, 3] - 14.0
GENERATION 174: [0, 1, 2, 3] - 14.0
GENERATION 175: [0, 1, 2, 3] - 14.0
GENERATION 176: [0, 1, 2, 3] - 14.0
GENERATION 177: [0, 1, 2, 3] - 14.0
GENERATION 178: [0, 1, 2, 3] - 14.0
GENERATION 179: [0, 1, 2, 3] - 14.0
GENERATION 180: [0, 1, 2, 3] - 14.0
GENERATION 181: [0, 1, 2, 3] - 14.0
GENERATION 182: [0, 1, 2, 3] - 14.0
GENERATION 183: [0, 1, 2, 3] - 14.0
GENERATION 184: [0, 1, 2, 3] - 14.0
GENERATION 185: [0, 1, 2, 3] - 14.0
GENERATION 186: [0, 1, 2, 3] - 14.0
GENERATION 187: [0, 1, 2, 3] - 14.0
GENERATION 188: [0, 1, 2, 3] - 14.0
GENERATION 189: [0, 1, 2, 3] - 14.0
GENERATION 190: [0, 1, 2, 3] - 14.0
GENERATION 191: [0, 1, 2, 3] - 14.0
GENERATION 192: [0, 1, 2, 3] - 14.0
GENERATION 193: [0, 1, 2, 3] - 14.0
GENERATION 194: [0, 1, 2, 3] - 14.0
GENERATION 195: [0, 1, 2, 3] - 14.0
GENERATION 196: [0, 1, 2, 3] - 14.0
GENERATION 197: [0, 1, 2, 3] - 14.0
GENERATION 198: [0, 1, 2, 3] - 14.0
GENERATION 199: [0, 1, 2, 3] - 14.0
