GENERATION 0: [14, 19, 18, 1, 3, 6, 13, 15, 25, 21, 8, 4, 7, 2, 5, 12, 0, 17, 9, 10, 16, 20, 23, 22, 24, 11] - 1936.0
GENERATION 1: [14, 19, 18, 1, 3, 6, 13, 15, 25, 21, 8, 4, 7, 2, 5, 12, 0, 17, 9, 10, 16, 20, 23, 22, 24, 11] - 1936.0
GENERATION 2: [14, 19, 18, 1, 3, 6, 13, 15, 25, 21, 0, 8, 4, 7, 2, 5, 12, 17, 9, 10, 16, 20, 23, 22, 24, 11] - 1915.0
GENERATION 3: [3, 13, 15, 25, 21, 0, 2, 1, 12, 11, 6, 8, 4, 7, 5, 17, 9, 10, 16, 20, 23, 22, 24, 14, 19, 18] - 1912.0
GENERATION 4: [10, 16, 20, 17, 23, 22, 24, 11, 14, 19, 18, 1, 3, 6, 13, 15, 25, 21, 8, 4, 7, 2, 5, 12, 0, 9] - 1853.0
GENERATION 5: [10, 16, 20, 17, 23, 22, 24, 11, 14, 19, 18, 1, 3, 6, 13, 15, 25, 21, 8, 4, 7, 2, 5, 12, 0, 9] - 1853.0
GENERATION 6: [1, 3, 6, 13, 8, 4, 2, 5, 10, 0, 7, 19, 15, 9, 11, 12, 20, 17, 23, 22, 16, 18, 25, 21, 24, 14] - 1747.0
GENERATION 7: [1, 3, 6, 13, 8, 4, 2, 5, 10, 0, 7, 19, 15, 9, 11, 12, 20, 17, 23, 22, 16, 18, 25, 21, 24, 14] - 1747.0
GENERATION 8: [1, 3, 6, 13, 8, 4, 2, 5, 10, 0, 7, 19, 15, 9, 11, 12, 20, 17, 23, 22, 16, 18, 25, 21, 24, 14] - 1747.0
GENERATION 9: [1, 3, 6, 13, 8, 4, 2, 5, 10, 0, 7, 19, 15, 9, 11, 12, 20, 17, 23, 22, 16, 18, 25, 21, 24, 14] - 1747.0
GENERATION 10: [21, 0, 24, 22, 23, 17, 19, 15, 16, 25, 12, 11, 14, 7, 6, 9, 10, 18, 5, 3, 4, 2, 1, 13, 8, 20] - 1579.0
GENERATION 11: [21, 0, 24, 22, 23, 17, 19, 15, 16, 25, 12, 11, 14, 7, 6, 9, 10, 18, 5, 3, 4, 2, 1, 13, 8, 20] - 1579.0
GENERATION 12: [21, 0, 24, 22, 23, 17, 19, 15, 16, 25, 12, 11, 14, 7, 6, 9, 10, 18, 5, 3, 4, 2, 1, 13, 8, 20] - 1579.0
GENERATION 13: [21, 0, 24, 22, 23, 17, 19, 15, 16, 25, 12, 11, 14, 7, 6, 9, 10, 18, 5, 3, 4, 2, 1, 13, 8, 20] - 1579.0
GENERATION 14: [21, 0, 24, 22, 23, 17, 19, 15, 16, 25, 12, 11, 14, 7, 6, 9, 10, 18, 5, 3, 4, 2, 1, 13, 8, 20] - 1579.0
GENERATION 15: [21, 0, 24, 22, 23, 17, 19, 15, 16, 25, 12, 11, 14, 7, 6, 9, 10, 18, 5, 3, 4, 2, 1, 13, 8, 20] - 1579.0
GENERATION 16: [21, 0, 24, 22, 23, 17, 19, 15, 16, 25, 12, 11, 14, 7, 6, 9, 10, 18, 5, 3, 4, 2, 1, 13, 8, 20] - 1579.0
GENERATION 17: [21, 0, 24, 22, 23, 17, 19, 15, 16, 25, 12, 11, 14, 7, 6, 9, 10, 18, 5, 3, 4, 2, 1, 13, 8, 20] - 1579.0
GENERATION 18: [21, 0, 24, 22, 23, 17, 19, 15, 16, 25, 12, 11, 14, 7, 6, 9, 10, 18, 5, 3, 4, 2, 1, 13, 8, 20] - 1579.0
GENERATION 19: [21, 0, 24, 22, 23, 17, 19, 15, 16, 25, 12, 11, 14, 7, 6, 9, 10, 18, 5, 3, 4, 2, 1, 13, 8, 20] - 1579.0
GENERATION 20: [21, 0, 24, 22, 23, 17, 19, 15, 16, 25, 12, 11, 14, 7, 6, 9, 10, 18, 5, 3, 4, 2, 1, 13, 8, 20] - 1579.0
GENERATION 21: [21, 0, 24, 22, 23, 17, 19, 15, 16, 25, 12, 11, 14, 7, 6, 9, 10, 18, 5, 3, 4, 2, 1, 13, 8, 20] - 1579.0
GENERATION 22: [21, 0, 24, 22, 23, 17, 19, 15, 16, 25, 12, 11, 14, 7, 6, 9, 10, 18, 5, 3, 4, 2, 1, 13, 8, 20] - 1579.0
GENERATION 23: [21, 0, 24, 22, 23, 17, 19, 15, 16, 25, 12, 11, 14, 7, 6, 9, 10, 18, 5, 3, 4, 2, 1, 13, 8, 20] - 1579.0
GENERATION 24: [24, 22, 23, 21, 20, 17, 19, 8, 15, 16, 25, 12, 11, 14, 7, 6, 9, 10, 18, 5, 3, 4, 0, 13, 2, 1] - 1550.0
GENERATION 25: [24, 22, 23, 21, 20, 17, 19, 8, 15, 16, 25, 12, 11, 14, 7, 6, 9, 10, 18, 5, 3, 4, 0, 13, 2, 1] - 1550.0
GENERATION 26: [24, 22, 23, 21, 20, 17, 19, 8, 15, 16, 25, 12, 11, 14, 7, 6, 9, 10, 18, 5, 3, 4, 0, 13, 2, 1] - 1550.0
GENERATION 27: [24, 22, 23, 21, 20, 17, 19, 8, 15, 16, 25, 12, 11, 14, 7, 6, 9, 10, 18, 5, 3, 4, 0, 13, 2, 1] - 1550.0
GENERATION 28: [24, 22, 23, 21, 20, 17, 19, 8, 15, 16, 25, 12, 11, 14, 7, 6, 9, 10, 18, 5, 3, 4, 0, 13, 2, 1] - 1550.0
GENERATION 29: [24, 22, 23, 21, 20, 17, 19, 8, 15, 16, 25, 12, 11, 14, 7, 6, 9, 10, 18, 5, 3, 4, 0, 13, 2, 1] - 1550.0
GENERATION 30: [24, 22, 23, 21, 20, 17, 19, 15, 16, 25, 12, 10, 11, 14, 7, 9, 8, 6, 18, 5, 3, 4, 0, 13, 2, 1] - 1537.0
GENERATION 31: [24, 22, 23, 21, 20, 17, 19, 15, 16, 25, 12, 10, 11, 14, 7, 9, 8, 6, 18, 5, 3, 4, 0, 13, 2, 1] - 1537.0
GENERATION 32: [15, 16, 25, 12, 9, 10, 11, 14, 7, 8, 6, 18, 5, 3, 4, 0, 13, 2, 1, 24, 22, 23, 21, 20, 17, 19] - 1528.0
GENERATION 33: [15, 16, 25, 12, 9, 10, 11, 14, 7, 8, 6, 18, 5, 3, 4, 0, 13, 2, 1, 24, 22, 23, 21, 20, 17, 19] - 1528.0
GENERATION 34: [15, 16, 25, 12, 9, 10, 11, 14, 7, 8, 6, 18, 5, 3, 4, 0, 13, 2, 1, 24, 22, 23, 21, 20, 17, 19] - 1528.0
GENERATION 35: [15, 16, 25, 12, 9, 10, 11, 14, 7, 8, 6, 18, 5, 3, 4, 0, 13, 2, 1, 24, 22, 23, 21, 20, 17, 19] - 1528.0
GENERATION 36: [15, 16, 25, 12, 9, 10, 11, 14, 7, 8, 6, 18, 5, 3, 4, 0, 13, 2, 1, 24, 22, 23, 21, 20, 17, 19] - 1528.0
GENERATION 37: [15, 16, 25, 12, 9, 10, 11, 14, 7, 8, 6, 18, 5, 3, 4, 0, 13, 2, 1, 24, 22, 23, 21, 20, 17, 19] - 1528.0
GENERATION 38: [15, 16, 25, 12, 9, 10, 11, 14, 7, 8, 6, 18, 5, 3, 4, 0, 13, 2, 1, 24, 22, 23, 21, 20, 17, 19] - 1528.0
GENERATION 39: [15, 16, 25, 12, 9, 10, 11, 14, 7, 8, 6, 18, 5, 3, 4, 0, 13, 2, 1, 24, 22, 23, 21, 20, 17, 19] - 1528.0
GENERATION 40: [15, 16, 25, 12, 9, 10, 11, 14, 7, 8, 6, 18, 5, 3, 4, 0, 13, 2, 1, 24, 22, 23, 21, 20, 17, 19] - 1528.0
GENERATION 41: [15, 16, 25, 12, 9, 10, 11, 14, 7, 8, 6, 18, 5, 3, 4, 0, 13, 2, 1, 24, 22, 23, 21, 20, 17, 19] - 1528.0
GENERATION 42: [15, 16, 25, 12, 9, 10, 11, 14, 7, 8, 6, 18, 5, 3, 4, 0, 13, 2, 1, 24, 23, 22, 21, 20, 17, 19] - 1505.0
GENERATION 43: [15, 16, 25, 12, 9, 10, 11, 14, 7, 8, 6, 18, 5, 3, 4, 0, 13, 2, 1, 24, 23, 22, 21, 20, 17, 19] - 1505.0
GENERATION 44: [15, 16, 25, 12, 9, 10, 11, 14, 7, 8, 6, 18, 5, 3, 4, 0, 13, 2, 1, 24, 23, 22, 21, 20, 17, 19] - 1505.0
GENERATION 45: [15, 16, 25, 12, 9, 10, 11, 14, 7, 8, 6, 18, 5, 3, 4, 0, 13, 2, 1, 24, 23, 22, 21, 20, 17, 19] - 1505.0
GENERATION 46: [15, 16, 25, 12, 9, 10, 11, 14, 7, 8, 6, 18, 5, 3, 4, 0, 13, 2, 1, 24, 23, 22, 21, 20, 17, 19] - 1505.0
GENERATION 47: [15, 16, 25, 12, 9, 10, 11, 14, 7, 8, 6, 18, 5, 3, 4, 0, 13, 2, 1, 24, 23, 22, 21, 20, 17, 19] - 1505.0
GENERATION 48: [15, 16, 25, 12, 9, 10, 11, 14, 7, 8, 6, 18, 5, 3, 4, 0, 13, 2, 1, 24, 23, 22, 21, 20, 17, 19] - 1505.0
GENERATION 49: [15, 16, 25, 12, 9, 10, 11, 14, 7, 8, 6, 18, 5, 3, 4, 0, 13, 2, 1, 24, 23, 22, 21, 20, 17, 19] - 1505.0
GENERATION 50: [15, 16, 25, 12, 9, 10, 11, 14, 7, 8, 6, 18, 5, 3, 4, 0, 13, 2, 1, 24, 23, 22, 21, 20, 17, 19] - 1505.0
GENERATION 51: [15, 16, 25, 12, 9, 10, 11, 14, 7, 8, 6, 18, 5, 3, 4, 0, 13, 2, 1, 24, 23, 22, 21, 20, 17, 19] - 1505.0
GENERATION 52: [15, 16, 25, 12, 9, 10, 11, 14, 7, 8, 6, 18, 5, 3, 4, 0, 13, 2, 1, 24, 23, 22, 21, 20, 17, 19] - 1505.0
GENERATION 53: [15, 16, 25, 12, 9, 10, 11, 14, 7, 8, 6, 18, 5, 3, 4, 0, 13, 2, 1, 24, 23, 22, 21, 20, 17, 19] - 1505.0
GENERATION 54: [15, 16, 25, 12, 9, 10, 11, 14, 7, 8, 6, 18, 5, 3, 4, 0, 13, 2, 1, 24, 23, 22, 21, 20, 17, 19] - 1505.0
GENERATION 55: [15, 16, 25, 12, 9, 10, 11, 14, 7, 8, 6, 18, 5, 3, 4, 0, 13, 2, 1, 24, 23, 22, 21, 20, 17, 19] - 1505.0
GENERATION 56: [15, 16, 25, 12, 9, 10, 11, 14, 7, 8, 6, 18, 5, 3, 4, 0, 13, 2, 1, 24, 23, 22, 21, 20, 17, 19] - 1505.0
GENERATION 57: [15, 16, 25, 12, 9, 10, 11, 14, 7, 8, 6, 18, 5, 3, 4, 0, 13, 2, 1, 24, 23, 22, 21, 20, 17, 19] - 1505.0
GENERATION 58: [15, 16, 25, 12, 9, 10, 11, 14, 7, 8, 6, 18, 5, 3, 4, 0, 13, 2, 1, 24, 23, 22, 21, 20, 17, 19] - 1505.0
GENERATION 59: [15, 16, 25, 12, 9, 10, 11, 14, 7, 8, 6, 18, 5, 3, 4, 0, 13, 2, 1, 24, 23, 22, 21, 20, 17, 19] - 1505.0
GENERATION 60: [15, 16, 25, 12, 9, 10, 11, 14, 7, 8, 6, 18, 5, 3, 4, 0, 1, 13, 2, 24, 23, 22, 21, 20, 17, 19] - 1499.0
GENERATION 61: [15, 16, 25, 12, 9, 10, 11, 14, 7, 8, 6, 18, 5, 3, 4, 0, 1, 13, 2, 24, 23, 22, 21, 20, 17, 19] - 1499.0
GENERATION 62: [15, 16, 25, 12, 9, 10, 11, 14, 7, 8, 6, 18, 5, 3, 4, 0, 1, 13, 2, 24, 23, 22, 21, 20, 17, 19] - 1499.0
GENERATION 63: [15, 16, 25, 12, 9, 10, 11, 14, 7, 8, 6, 18, 5, 3, 4, 0, 1, 13, 2, 24, 23, 22, 21, 20, 17, 19] - 1499.0
GENERATION 64: [15, 16, 25, 12, 9, 10, 11, 14, 7, 8, 6, 18, 5, 3, 4, 0, 1, 13, 2, 24, 23, 22, 21, 20, 17, 19] - 1499.0
GENERATION 65: [15, 16, 25, 12, 9, 2, 10, 11, 14, 7, 8, 6, 18, 5, 3, 4, 1, 13, 0, 24, 23, 22, 21, 20, 17, 19] - 1461.0
GENERATION 66: [15, 16, 25, 12, 9, 2, 10, 11, 14, 7, 8, 6, 18, 5, 3, 4, 1, 13, 0, 24, 23, 22, 21, 20, 17, 19] - 1461.0
GENERATION 67: [15, 16, 25, 12, 9, 2, 10, 11, 14, 7, 8, 6, 18, 5, 3, 4, 1, 13, 0, 24, 23, 22, 21, 20, 17, 19] - 1461.0
GENERATION 68: [15, 16, 25, 12, 9, 2, 10, 11, 14, 7, 8, 6, 18, 5, 3, 4, 1, 13, 0, 24, 23, 22, 21, 20, 17, 19] - 1461.0
GENERATION 69: [15, 16, 25, 12, 9, 2, 10, 11, 14, 7, 8, 6, 18, 5, 3, 4, 1, 13, 0, 24, 23, 22, 21, 20, 17, 19] - 1461.0
GENERATION 70: [15, 16, 25, 12, 9, 2, 10, 11, 14, 7, 8, 6, 18, 5, 3, 4, 1, 13, 0, 24, 23, 22, 21, 20, 17, 19] - 1461.0
GENERATION 71: [15, 16, 25, 12, 9, 2, 10, 11, 14, 7, 8, 6, 18, 5, 3, 4, 1, 13, 0, 24, 23, 22, 21, 20, 17, 19] - 1461.0
GENERATION 72: [15, 16, 25, 12, 9, 2, 10, 11, 14, 7, 8, 6, 18, 5, 3, 4, 1, 13, 0, 24, 23, 22, 21, 20, 17, 19] - 1461.0
GENERATION 73: [15, 16, 25, 12, 9, 2, 10, 11, 14, 7, 8, 6, 18, 5, 3, 4, 1, 13, 0, 24, 23, 22, 21, 20, 17, 19] - 1461.0
GENERATION 74: [15, 16, 25, 12, 9, 2, 10, 11, 14, 7, 8, 6, 18, 5, 3, 4, 1, 13, 0, 24, 23, 22, 21, 20, 17, 19] - 1461.0
GENERATION 75: [15, 16, 25, 12, 9, 2, 10, 11, 14, 7, 8, 6, 18, 5, 3, 4, 1, 13, 0, 24, 23, 22, 21, 20, 17, 19] - 1461.0
GENERATION 76: [15, 16, 25, 12, 9, 2, 10, 11, 14, 7, 8, 6, 18, 5, 3, 4, 1, 13, 0, 24, 23, 22, 21, 20, 17, 19] - 1461.0
GENERATION 77: [15, 16, 25, 12, 9, 2, 10, 11, 14, 7, 8, 6, 18, 5, 3, 4, 1, 13, 0, 24, 23, 22, 21, 20, 17, 19] - 1461.0
GENERATION 78: [15, 16, 25, 12, 9, 2, 10, 11, 14, 7, 8, 6, 18, 5, 3, 4, 1, 13, 0, 24, 23, 22, 21, 20, 17, 19] - 1461.0
GENERATION 79: [15, 16, 25, 12, 9, 2, 10, 11, 14, 7, 8, 6, 18, 5, 3, 4, 1, 13, 0, 24, 23, 22, 21, 20, 17, 19] - 1461.0
GENERATION 80: [15, 16, 25, 12, 9, 2, 10, 11, 14, 7, 8, 6, 18, 5, 3, 4, 1, 13, 0, 24, 23, 22, 21, 20, 17, 19] - 1461.0
GENERATION 81: [15, 16, 25, 12, 9, 2, 10, 11, 14, 7, 8, 6, 18, 5, 3, 4, 1, 13, 0, 24, 23, 22, 21, 20, 17, 19] - 1461.0
GENERATION 82: [15, 16, 25, 12, 9, 2, 10, 11, 14, 7, 8, 6, 18, 5, 3, 4, 1, 13, 0, 24, 23, 22, 21, 20, 17, 19] - 1461.0
GENERATION 83: [15, 16, 25, 12, 9, 2, 10, 11, 14, 7, 8, 6, 18, 5, 3, 4, 1, 13, 0, 24, 23, 22, 21, 20, 17, 19] - 1461.0
GENERATION 84: [10, 11, 18, 4, 13, 14, 7, 8, 6, 2, 5, 3, 1, 0, 24, 23, 22, 21, 20, 17, 15, 19, 25, 16, 12, 9] - 1434.0
GENERATION 85: [10, 11, 18, 4, 13, 14, 7, 8, 6, 2, 5, 3, 1, 0, 24, 23, 22, 21, 20, 17, 15, 19, 25, 16, 12, 9] - 1434.0
GENERATION 86: [10, 11, 18, 4, 13, 14, 7, 8, 6, 2, 5, 3, 1, 0, 24, 23, 22, 21, 20, 17, 15, 19, 25, 16, 12, 9] - 1434.0
GENERATION 87: [10, 11, 18, 4, 13, 14, 7, 8, 6, 2, 5, 3, 1, 0, 24, 23, 22, 21, 20, 17, 15, 19, 25, 16, 12, 9] - 1434.0
GENERATION 88: [10, 11, 18, 4, 13, 14, 7, 8, 6, 2, 5, 3, 1, 0, 24, 23, 22, 21, 20, 17, 15, 19, 25, 16, 12, 9] - 1434.0
GENERATION 89: [10, 11, 18, 4, 13, 14, 7, 8, 6, 2, 5, 3, 1, 0, 24, 23, 22, 21, 20, 17, 15, 19, 25, 16, 12, 9] - 1434.0
GENERATION 90: [10, 11, 18, 4, 13, 14, 7, 8, 6, 2, 5, 3, 1, 0, 24, 23, 22, 21, 20, 17, 15, 19, 25, 16, 12, 9] - 1434.0
GENERATION 91: [10, 11, 18, 4, 13, 14, 7, 8, 6, 2, 5, 3, 1, 0, 24, 23, 22, 21, 20, 17, 15, 19, 25, 16, 12, 9] - 1434.0
GENERATION 92: [10, 11, 18, 4, 13, 14, 7, 8, 6, 2, 5, 3, 1, 0, 24, 23, 22, 21, 20, 17, 15, 19, 25, 16, 12, 9] - 1434.0
GENERATION 93: [10, 11, 18, 4, 13, 14, 7, 8, 6, 2, 5, 3, 1, 0, 24, 23, 22, 21, 20, 17, 15, 19, 25, 16, 12, 9] - 1434.0
GENERATION 94: [10, 11, 18, 4, 13, 14, 7, 8, 6, 2, 5, 3, 1, 0, 24, 23, 22, 21, 20, 17, 15, 19, 25, 16, 12, 9] - 1434.0
GENERATION 95: [10, 11, 18, 4, 13, 14, 7, 8, 6, 2, 5, 3, 1, 0, 24, 23, 22, 21, 20, 17, 15, 19, 25, 16, 12, 9] - 1434.0
GENERATION 96: [10, 11, 18, 4, 13, 14, 7, 8, 6, 2, 5, 3, 1, 0, 24, 23, 22, 21, 20, 17, 15, 19, 25, 16, 12, 9] - 1434.0
GENERATION 97: [10, 11, 18, 4, 13, 14, 12, 7, 8, 6, 2, 5, 3, 1, 0, 24, 23, 22, 21, 20, 17, 15, 19, 25, 16, 9] - 1430.0
GENERATION 98: [10, 11, 18, 4, 13, 14, 12, 7, 8, 6, 2, 5, 3, 1, 0, 24, 23, 22, 21, 20, 17, 15, 19, 25, 16, 9] - 1430.0
GENERATION 99: [10, 11, 18, 4, 13, 14, 12, 7, 8, 6, 2, 5, 3, 1, 0, 24, 23, 22, 21, 20, 17, 15, 19, 25, 16, 9] - 1430.0
GENERATION 100: [13, 14, 12, 7, 8, 6, 5, 20, 18, 9, 2, 4, 3, 1, 0, 24, 23, 22, 25, 21, 17, 15, 19, 16, 10, 11] - 1416.0
GENERATION 101: [13, 14, 12, 7, 8, 6, 5, 20, 18, 9, 2, 4, 3, 1, 0, 24, 23, 22, 25, 21, 17, 15, 19, 16, 10, 11] - 1416.0
GENERATION 102: [13, 14, 12, 7, 8, 6, 5, 20, 18, 9, 2, 4, 3, 1, 0, 24, 23, 22, 25, 21, 17, 15, 19, 16, 10, 11] - 1416.0
GENERATION 103: [13, 14, 12, 7, 8, 6, 5, 20, 18, 9, 2, 4, 3, 1, 0, 24, 23, 22, 25, 21, 17, 15, 19, 16, 10, 11] - 1416.0
GENERATION 104: [13, 14, 12, 7, 8, 6, 5, 20, 18, 9, 2, 4, 3, 1, 0, 24, 23, 22, 25, 21, 17, 15, 19, 16, 10, 11] - 1416.0
GENERATION 105: [13, 14, 12, 7, 8, 6, 5, 20, 18, 9, 2, 4, 3, 1, 0, 24, 23, 22, 25, 21, 17, 15, 19, 16, 10, 11] - 1416.0
GENERATION 106: [13, 14, 12, 7, 8, 6, 5, 20, 18, 9, 2, 4, 3, 1, 0, 24, 23, 22, 25, 21, 17, 15, 19, 16, 10, 11] - 1416.0
GENERATION 107: [13, 14, 12, 7, 8, 6, 5, 20, 18, 9, 2, 4, 3, 1, 0, 24, 23, 22, 25, 21, 17, 15, 19, 16, 10, 11] - 1416.0
GENERATION 108: [13, 14, 12, 7, 8, 6, 5, 20, 18, 9, 2, 4, 3, 1, 0, 24, 23, 22, 25, 21, 17, 15, 19, 16, 10, 11] - 1416.0
GENERATION 109: [13, 14, 12, 7, 8, 6, 5, 20, 18, 9, 2, 4, 3, 1, 0, 24, 23, 22, 25, 21, 17, 15, 19, 16, 10, 11] - 1416.0
GENERATION 110: [12, 7, 8, 6, 5, 10, 20, 16, 18, 19, 9, 2, 4, 3, 1, 0, 24, 23, 22, 25, 21, 17, 15, 13, 14, 11] - 1336.0
GENERATION 111: [12, 7, 8, 6, 5, 10, 20, 16, 18, 19, 9, 2, 4, 3, 1, 0, 24, 23, 22, 25, 21, 17, 15, 13, 14, 11] - 1336.0
GENERATION 112: [12, 7, 8, 6, 5, 10, 20, 16, 18, 19, 9, 2, 4, 3, 1, 0, 24, 23, 22, 25, 21, 17, 15, 13, 14, 11] - 1336.0
GENERATION 113: [12, 7, 8, 6, 5, 10, 20, 16, 18, 19, 9, 2, 4, 3, 1, 0, 24, 23, 22, 25, 21, 17, 15, 13, 14, 11] - 1336.0
GENERATION 114: [12, 7, 8, 6, 5, 10, 20, 16, 18, 19, 9, 2, 4, 3, 1, 0, 24, 23, 22, 25, 21, 17, 15, 13, 14, 11] - 1336.0
GENERATION 115: [12, 7, 8, 6, 5, 10, 20, 16, 18, 19, 9, 2, 4, 3, 1, 0, 24, 23, 22, 25, 21, 17, 15, 13, 14, 11] - 1336.0
GENERATION 116: [12, 7, 8, 6, 5, 10, 20, 16, 18, 19, 9, 2, 4, 3, 1, 0, 24, 23, 22, 25, 21, 17, 15, 13, 14, 11] - 1336.0
GENERATION 117: [12, 7, 8, 6, 5, 10, 20, 16, 18, 19, 9, 2, 4, 3, 1, 0, 24, 23, 22, 25, 21, 17, 15, 13, 14, 11] - 1336.0
GENERATION 118: [12, 7, 8, 6, 5, 10, 20, 16, 18, 19, 9, 2, 4, 3, 1, 0, 24, 23, 22, 25, 21, 17, 15, 13, 14, 11] - 1336.0
GENERATION 119: [12, 7, 8, 6, 5, 10, 20, 16, 18, 19, 9, 2, 4, 3, 1, 0, 24, 23, 22, 25, 21, 17, 15, 13, 14, 11] - 1336.0
GENERATION 120: [12, 7, 8, 6, 5, 10, 20, 16, 18, 19, 9, 2, 4, 3, 1, 0, 24, 23, 22, 25, 21, 17, 15, 13, 14, 11] - 1336.0
GENERATION 121: [12, 7, 8, 6, 5, 10, 20, 16, 18, 19, 9, 2, 4, 3, 1, 0, 24, 23, 22, 25, 21, 17, 15, 13, 14, 11] - 1336.0
GENERATION 122: [12, 7, 8, 6, 5, 10, 20, 16, 18, 19, 9, 2, 4, 3, 1, 0, 24, 23, 22, 25, 21, 17, 15, 13, 14, 11] - 1336.0
GENERATION 123: [12, 7, 8, 6, 5, 10, 20, 16, 18, 19, 9, 2, 4, 3, 1, 0, 24, 23, 22, 25, 21, 17, 15, 13, 14, 11] - 1336.0
GENERATION 124: [12, 7, 8, 6, 5, 10, 20, 16, 18, 19, 9, 2, 4, 3, 1, 0, 24, 23, 22, 25, 21, 17, 15, 13, 14, 11] - 1336.0
GENERATION 125: [12, 7, 8, 6, 5, 10, 20, 16, 18, 19, 9, 2, 4, 3, 1, 0, 24, 23, 22, 25, 21, 17, 15, 13, 14, 11] - 1336.0
GENERATION 126: [12, 7, 8, 6, 5, 10, 20, 16, 18, 19, 9, 2, 4, 3, 1, 0, 24, 23, 22, 25, 21, 17, 15, 13, 14, 11] - 1336.0
GENERATION 127: [12, 7, 8, 6, 5, 10, 20, 16, 18, 19, 9, 2, 4, 3, 1, 0, 24, 23, 22, 25, 21, 17, 15, 13, 14, 11] - 1336.0
GENERATION 128: [12, 7, 8, 6, 5, 10, 20, 16, 18, 19, 9, 2, 4, 3, 1, 0, 24, 23, 22, 25, 21, 17, 15, 13, 14, 11] - 1336.0
GENERATION 129: [12, 7, 8, 6, 5, 10, 20, 16, 18, 19, 9, 2, 4, 3, 1, 0, 24, 23, 22, 25, 21, 17, 15, 13, 14, 11] - 1336.0
GENERATION 130: [12, 7, 8, 6, 5, 10, 20, 16, 18, 19, 9, 2, 4, 3, 1, 0, 24, 23, 22, 25, 21, 17, 15, 13, 14, 11] - 1336.0
GENERATION 131: [12, 7, 8, 6, 5, 10, 20, 16, 18, 19, 9, 2, 4, 3, 1, 0, 24, 23, 22, 25, 21, 17, 15, 13, 14, 11] - 1336.0
GENERATION 132: [12, 7, 8, 6, 5, 10, 20, 16, 18, 19, 9, 2, 4, 3, 1, 0, 24, 23, 22, 25, 21, 17, 15, 13, 14, 11] - 1336.0
GENERATION 133: [12, 7, 8, 6, 5, 10, 20, 16, 18, 19, 9, 2, 4, 3, 1, 0, 24, 23, 22, 25, 21, 17, 15, 13, 14, 11] - 1336.0
GENERATION 134: [12, 7, 8, 6, 5, 10, 20, 16, 18, 19, 9, 2, 4, 3, 1, 0, 24, 23, 22, 25, 21, 17, 15, 13, 14, 11] - 1336.0
GENERATION 135: [12, 7, 8, 6, 5, 10, 20, 16, 18, 19, 9, 2, 4, 3, 1, 0, 24, 23, 22, 25, 21, 17, 15, 13, 14, 11] - 1336.0
GENERATION 136: [12, 7, 8, 6, 5, 10, 20, 16, 18, 19, 9, 2, 4, 3, 1, 0, 24, 23, 22, 25, 21, 17, 15, 13, 14, 11] - 1336.0
GENERATION 137: [12, 7, 8, 6, 5, 10, 20, 16, 18, 19, 9, 2, 4, 3, 1, 0, 24, 23, 22, 25, 21, 17, 15, 13, 14, 11] - 1336.0
GENERATION 138: [12, 7, 8, 6, 5, 10, 20, 16, 18, 19, 9, 2, 4, 3, 1, 0, 24, 23, 22, 25, 21, 17, 15, 13, 14, 11] - 1336.0
GENERATION 139: [12, 7, 8, 6, 5, 10, 20, 16, 18, 19, 9, 2, 4, 3, 1, 0, 24, 23, 22, 25, 21, 17, 15, 13, 14, 11] - 1336.0
GENERATION 140: [12, 7, 8, 6, 5, 10, 20, 16, 18, 19, 9, 2, 4, 3, 1, 0, 24, 23, 22, 25, 21, 17, 15, 13, 14, 11] - 1336.0
GENERATION 141: [12, 7, 8, 6, 5, 10, 20, 16, 18, 19, 9, 2, 4, 3, 1, 0, 24, 23, 22, 25, 21, 17, 15, 13, 14, 11] - 1336.0
GENERATION 142: [16, 18, 19, 20, 11, 12, 7, 8, 6, 5, 9, 2, 4, 3, 1, 0, 24, 23, 22, 25, 21, 17, 15, 13, 14, 10] - 1329.0
GENERATION 143: [16, 18, 19, 20, 11, 12, 7, 8, 6, 5, 9, 2, 4, 3, 1, 0, 24, 23, 22, 25, 21, 17, 15, 13, 14, 10] - 1329.0
GENERATION 144: [16, 18, 19, 20, 11, 12, 7, 8, 6, 5, 9, 2, 4, 3, 1, 0, 24, 23, 22, 25, 21, 17, 15, 13, 14, 10] - 1329.0
GENERATION 145: [16, 18, 19, 20, 11, 12, 7, 8, 6, 5, 9, 2, 4, 3, 1, 0, 24, 23, 22, 25, 21, 17, 15, 13, 14, 10] - 1329.0
GENERATION 146: [16, 18, 19, 20, 11, 12, 7, 8, 6, 5, 9, 2, 4, 3, 1, 0, 24, 23, 22, 25, 21, 17, 15, 13, 14, 10] - 1329.0
GENERATION 147: [16, 18, 19, 20, 11, 12, 7, 8, 6, 5, 9, 2, 4, 3, 1, 0, 24, 23, 22, 25, 21, 17, 15, 13, 14, 10] - 1329.0
GENERATION 148: [16, 18, 19, 20, 11, 12, 7, 8, 6, 5, 9, 2, 4, 3, 1, 0, 24, 23, 22, 25, 21, 17, 15, 13, 14, 10] - 1329.0
GENERATION 149: [16, 18, 19, 20, 11, 12, 7, 8, 6, 5, 9, 2, 4, 3, 1, 0, 24, 23, 22, 25, 21, 17, 15, 13, 14, 10] - 1329.0
GENERATION 150: [16, 18, 19, 20, 11, 12, 7, 8, 6, 5, 9, 2, 4, 3, 1, 0, 24, 23, 22, 25, 21, 17, 15, 13, 14, 10] - 1329.0
GENERATION 151: [16, 18, 19, 20, 11, 12, 7, 8, 6, 5, 9, 2, 4, 3, 1, 0, 24, 23, 22, 25, 21, 17, 15, 13, 14, 10] - 1329.0
GENERATION 152: [16, 18, 19, 20, 11, 12, 7, 8, 6, 5, 9, 2, 4, 3, 1, 0, 24, 23, 22, 25, 21, 17, 15, 13, 14, 10] - 1329.0
GENERATION 153: [16, 18, 19, 20, 11, 12, 7, 8, 6, 5, 9, 2, 4, 3, 1, 0, 24, 23, 22, 25, 21, 17, 15, 13, 14, 10] - 1329.0
GENERATION 154: [16, 18, 19, 20, 11, 12, 7, 8, 6, 5, 9, 2, 4, 3, 1, 0, 24, 23, 22, 25, 21, 17, 15, 13, 14, 10] - 1329.0
GENERATION 155: [16, 18, 19, 20, 11, 12, 7, 8, 6, 5, 9, 2, 4, 3, 1, 0, 24, 23, 22, 25, 21, 17, 15, 13, 14, 10] - 1329.0
GENERATION 156: [16, 18, 19, 20, 11, 12, 7, 8, 6, 5, 9, 2, 4, 3, 1, 0, 24, 23, 22, 25, 21, 17, 15, 13, 14, 10] - 1329.0
GENERATION 157: [16, 18, 19, 20, 11, 12, 7, 8, 6, 5, 9, 2, 4, 3, 1, 0, 24, 23, 22, 25, 21, 17, 15, 13, 14, 10] - 1329.0
GENERATION 158: [16, 18, 19, 20, 11, 12, 7, 8, 6, 5, 9, 2, 4, 3, 1, 0, 24, 23, 22, 25, 21, 17, 15, 13, 14, 10] - 1329.0
GENERATION 159: [16, 18, 19, 20, 11, 12, 7, 8, 6, 5, 9, 2, 4, 3, 1, 0, 24, 23, 22, 25, 21, 17, 15, 13, 14, 10] - 1329.0
GENERATION 160: [16, 18, 19, 20, 11, 12, 7, 8, 6, 5, 9, 2, 4, 3, 1, 0, 24, 23, 22, 25, 21, 17, 15, 13, 14, 10] - 1329.0
GENERATION 161: [16, 18, 19, 20, 11, 12, 7, 8, 6, 5, 9, 2, 4, 3, 1, 0, 24, 23, 22, 25, 21, 17, 15, 13, 14, 10] - 1329.0
GENERATION 162: [16, 18, 19, 20, 11, 12, 7, 8, 6, 5, 9, 2, 4, 3, 1, 0, 24, 23, 22, 25, 21, 17, 15, 13, 14, 10] - 1329.0
GENERATION 163: [16, 18, 19, 20, 11, 12, 7, 8, 6, 5, 9, 2, 4, 3, 1, 0, 24, 23, 22, 25, 21, 17, 15, 13, 14, 10] - 1329.0
GENERATION 164: [16, 18, 19, 20, 11, 12, 7, 8, 6, 5, 9, 2, 4, 3, 1, 0, 24, 23, 22, 25, 21, 17, 15, 13, 14, 10] - 1329.0
GENERATION 165: [16, 18, 19, 20, 11, 12, 7, 8, 6, 5, 9, 2, 4, 3, 1, 0, 24, 23, 22, 25, 21, 17, 15, 13, 14, 10] - 1329.0
GENERATION 166: [16, 18, 19, 20, 11, 12, 7, 8, 6, 5, 9, 2, 4, 3, 1, 0, 24, 23, 22, 25, 21, 17, 15, 13, 14, 10] - 1329.0
GENERATION 167: [16, 18, 19, 20, 11, 12, 7, 8, 6, 5, 9, 2, 4, 3, 1, 0, 24, 23, 22, 25, 21, 17, 15, 13, 14, 10] - 1329.0
GENERATION 168: [16, 18, 19, 20, 11, 12, 7, 8, 6, 5, 9, 2, 4, 3, 1, 0, 24, 23, 22, 25, 21, 17, 15, 13, 14, 10] - 1329.0
GENERATION 169: [16, 18, 19, 20, 11, 12, 7, 8, 6, 5, 9, 2, 4, 3, 1, 0, 24, 23, 22, 25, 21, 17, 15, 13, 14, 10] - 1329.0
GENERATION 170: [16, 18, 19, 20, 11, 12, 7, 8, 6, 5, 9, 2, 4, 3, 1, 0, 24, 23, 22, 25, 21, 17, 15, 13, 14, 10] - 1329.0
GENERATION 171: [16, 18, 19, 20, 11, 12, 7, 8, 6, 5, 9, 2, 4, 3, 1, 0, 24, 23, 22, 25, 21, 17, 15, 13, 14, 10] - 1329.0
GENERATION 172: [16, 18, 19, 20, 11, 12, 7, 8, 6, 5, 9, 2, 4, 3, 1, 0, 24, 23, 22, 25, 21, 17, 15, 13, 14, 10] - 1329.0
GENERATION 173: [16, 18, 19, 20, 11, 12, 7, 8, 6, 5, 9, 2, 4, 3, 1, 0, 24, 23, 22, 25, 21, 17, 15, 13, 14, 10] - 1329.0
GENERATION 174: [16, 18, 19, 20, 11, 12, 7, 8, 6, 5, 9, 2, 4, 3, 1, 0, 24, 23, 22, 25, 21, 17, 15, 13, 14, 10] - 1329.0
GENERATION 175: [16, 18, 19, 20, 11, 12, 7, 8, 6, 5, 9, 2, 4, 3, 1, 0, 24, 23, 22, 25, 21, 17, 15, 13, 14, 10] - 1329.0
GENERATION 176: [16, 18, 19, 20, 11, 12, 7, 8, 6, 5, 9, 2, 4, 3, 1, 0, 24, 23, 22, 25, 21, 17, 15, 13, 14, 10] - 1329.0
GENERATION 177: [16, 18, 19, 20, 11, 12, 7, 8, 6, 5, 9, 2, 4, 3, 1, 0, 24, 23, 22, 25, 21, 17, 15, 13, 14, 10] - 1329.0
GENERATION 178: [16, 18, 19, 20, 11, 12, 7, 8, 6, 5, 9, 2, 4, 3, 1, 0, 24, 23, 22, 25, 21, 17, 15, 13, 14, 10] - 1329.0
GENERATION 179: [16, 18, 19, 20, 11, 12, 7, 8, 6, 5, 9, 2, 4, 3, 1, 0, 24, 23, 22, 25, 21, 17, 15, 13, 14, 10] - 1329.0
GENERATION 180: [16, 18, 19, 20, 11, 12, 7, 8, 6, 5, 9, 2, 4, 3, 1, 0, 24, 23, 22, 25, 21, 17, 15, 13, 14, 10] - 1329.0
GENERATION 181: [16, 18, 19, 20, 11, 12, 7, 8, 6, 5, 9, 2, 4, 3, 1, 0, 24, 23, 22, 25, 21, 17, 15, 13, 14, 10] - 1329.0
GENERATION 182: [16, 18, 19, 20, 11, 12, 7, 8, 6, 5, 9, 2, 4, 3, 1, 0, 24, 23, 22, 25, 21, 17, 15, 13, 14, 10] - 1329.0
GENERATION 183: [16, 18, 19, 20, 11, 12, 7, 8, 6, 5, 9, 2, 4, 3, 1, 0, 24, 23, 22, 25, 21, 17, 15, 13, 14, 10] - 1329.0
GENERATION 184: [16, 18, 19, 20, 11, 12, 7, 8, 6, 5, 9, 2, 4, 3, 1, 0, 24, 23, 22, 25, 21, 17, 15, 13, 14, 10] - 1329.0
GENERATION 185: [16, 18, 19, 20, 11, 12, 7, 8, 6, 5, 9, 2, 4, 3, 1, 0, 24, 23, 22, 25, 21, 17, 15, 13, 14, 10] - 1329.0
GENERATION 186: [16, 18, 19, 20, 11, 12, 7, 8, 6, 5, 9, 2, 4, 3, 1, 0, 24, 23, 22, 25, 21, 17, 15, 13, 14, 10] - 1329.0
GENERATION 187: [16, 18, 19, 20, 11, 12, 7, 8, 6, 5, 9, 2, 4, 3, 1, 0, 24, 23, 22, 25, 21, 17, 15, 13, 14, 10] - 1329.0
GENERATION 188: [16, 18, 19, 20, 11, 12, 7, 8, 6, 5, 9, 2, 4, 3, 1, 0, 24, 23, 22, 25, 21, 17, 15, 13, 14, 10] - 1329.0
GENERATION 189: [16, 18, 19, 20, 11, 12, 7, 8, 6, 5, 9, 2, 4, 3, 1, 0, 24, 23, 22, 25, 21, 17, 15, 13, 14, 10] - 1329.0
GENERATION 190: [16, 18, 19, 20, 11, 12, 7, 8, 6, 5, 9, 2, 4, 3, 1, 0, 24, 23, 22, 25, 21, 17, 15, 13, 14, 10] - 1329.0
GENERATION 191: [16, 18, 19, 20, 11, 12, 7, 8, 6, 5, 9, 2, 4, 3, 1, 0, 24, 23, 22, 25, 21, 17, 15, 13, 14, 10] - 1329.0
GENERATION 192: [16, 18, 19, 20, 11, 12, 7, 8, 6, 5, 9, 2, 4, 3, 1, 0, 24, 23, 22, 25, 21, 17, 15, 13, 14, 10] - 1329.0
GENERATION 193: [16, 18, 19, 20, 11, 12, 7, 8, 6, 5, 9, 2, 4, 3, 1, 0, 24, 23, 22, 25, 21, 17, 15, 13, 14, 10] - 1329.0
GENERATION 194: [16, 18, 19, 20, 11, 12, 7, 8, 6, 5, 9, 2, 4, 3, 1, 0, 24, 23, 22, 25, 21, 17, 15, 13, 14, 10] - 1329.0
GENERATION 195: [16, 18, 19, 20, 11, 12, 7, 8, 6, 5, 9, 2, 4, 3, 1, 0, 24, 23, 22, 25, 21, 17, 15, 13, 14, 10] - 1329.0
GENERATION 196: [16, 18, 19, 20, 11, 12, 7, 8, 6, 5, 9, 2, 4, 3, 1, 0, 24, 23, 22, 25, 21, 17, 15, 13, 14, 10] - 1329.0
GENERATION 197: [16, 18, 19, 20, 11, 12, 7, 8, 6, 5, 9, 2, 4, 3, 1, 0, 24, 23, 22, 25, 21, 17, 15, 13, 14, 10] - 1329.0
GENERATION 198: [16, 18, 19, 20, 11, 12, 7, 8, 6, 5, 9, 2, 4, 3, 1, 0, 24, 23, 22, 25, 21, 17, 15, 13, 14, 10] - 1329.0
GENERATION 199: [16, 18, 19, 20, 11, 12, 7, 8, 6, 5, 9, 2, 4, 3, 1, 0, 24, 23, 22, 25, 21, 17, 15, 13, 14, 10] - 1329.0
